04:08:49 **** Incremental Build of configuration Default for project trace-analyzer ****
make all 
make: Nothing to be done for 'all'.
04:08:49 **** Incremental Build of configuration Default for project libsimitar ****
make all 
make: Nothing to be done for 'all'.
04:08:49 **** Incremental Build of configuration Debug for project tests ****
make all 
make -C integration/
make[1]: Entering directory '/home/anderson/Workspace/Simitar/bugfix-pcap-overflow/Simitar/SIMITAR/tests/integration'
make[1]: Nothing to be done for 'all'.
make[1]: Leaving directory '/home/anderson/Workspace/Simitar/bugfix-pcap-overflow/Simitar/SIMITAR/tests/integration'
make -C unity/
make[1]: Entering directory '/home/anderson/Workspace/Simitar/bugfix-pcap-overflow/Simitar/SIMITAR/tests/unity'
make[1]: Nothing to be done for 'all'.
make[1]: Leaving directory '/home/anderson/Workspace/Simitar/bugfix-pcap-overflow/Simitar/SIMITAR/tests/unity'
04:08:50 **** Incremental Build of configuration Default for project simitar-gen ****
make all 
make: Nothing to be done for 'all'.
04:08:50 **** Incremental Build of configuration Default for project libsimitar ****
make all 
make: Nothing to be done for 'all'.
04:08:50 **** Incremental Build of configuration Default for project trace-analyzer ****
make all 
make: Nothing to be done for 'all'.
