==6625== Memcheck, a memory error detector
==6625== Copyright (C) 2002-2017, and GNU GPL'd, by Julian Seward et al.
==6625== Using Valgrind-3.13.0 and LibVEX; rerun with -h for copyright info
==6625== Command: ./bin/simitar-trace-analyzer --trace 5gb-tcp-connection-001
==6625== Parent PID: 2588
==6625== 
--6625-- 
--6625-- Valgrind options:
--6625--    --leak-check=full
--6625--    --track-origins=yes
--6625--    --verbose
--6625--    --log-file=valgrind.log
--6625-- Contents of /proc/version:
--6625--   Linux version 5.4.0-45-generic (buildd@lcy01-amd64-014) (gcc version 7.5.0 (Ubuntu 7.5.0-3ubuntu1~18.04)) #49~18.04.2-Ubuntu SMP Wed Aug 26 16:29:02 UTC 2020
--6625-- 
--6625-- Arch and hwcaps: AMD64, LittleEndian, amd64-cx16-lzcnt-rdtscp-sse3-avx-avx2-bmi
--6625-- Page sizes: currently 4096, max supported 4096
--6625-- Valgrind library directory: /usr/lib/valgrind
--6625-- Reading syms from /home/anderson/Workspace/Simitar/bugfix-pcap-overflow/Simitar/SIMITAR/trace-analyzer/trace-analyzer
--6625-- Reading syms from /lib/x86_64-linux-gnu/ld-2.27.so
--6625--   Considering /lib/x86_64-linux-gnu/ld-2.27.so ..
--6625--   .. CRC mismatch (computed ac9397f6 wanted d0d82632)
--6625--   Considering /usr/lib/debug/lib/x86_64-linux-gnu/ld-2.27.so ..
--6625--   .. CRC is valid
--6625-- Reading syms from /usr/lib/valgrind/memcheck-amd64-linux
--6625--   Considering /usr/lib/valgrind/memcheck-amd64-linux ..
--6625--   .. CRC mismatch (computed 41ddb025 wanted 9972f546)
--6625--    object doesn't have a symbol table
--6625--    object doesn't have a dynamic symbol table
--6625-- Scheduler: using generic scheduler lock implementation.
--6625-- Reading suppressions file: /usr/lib/valgrind/default.supp
==6625== embedded gdbserver: reading from /tmp/vgdb-pipe-from-vgdb-to-6625-by-anderson-on-???
==6625== embedded gdbserver: writing to   /tmp/vgdb-pipe-to-vgdb-from-6625-by-anderson-on-???
==6625== embedded gdbserver: shared mem   /tmp/vgdb-pipe-shared-mem-vgdb-6625-by-anderson-on-???
==6625== 
==6625== TO CONTROL THIS PROCESS USING vgdb (which you probably
==6625== don't want to do, unless you know exactly what you're doing,
==6625== or are doing some strange experiment):
==6625==   /usr/lib/valgrind/../../bin/vgdb --pid=6625 ...command...
==6625== 
==6625== TO DEBUG THIS PROCESS USING GDB: start GDB like this
==6625==   /path/to/gdb ./bin/simitar-trace-analyzer
==6625== and then give GDB the following command
==6625==   target remote | /usr/lib/valgrind/../../bin/vgdb --pid=6625
==6625== --pid is optional if only one valgrind process is running
==6625== 
--6625-- REDIR: 0x401f320 (ld-linux-x86-64.so.2:strlen) redirected to 0x580608c1 (???)
--6625-- REDIR: 0x401f100 (ld-linux-x86-64.so.2:index) redirected to 0x580608db (???)
--6625-- Reading syms from /usr/lib/valgrind/vgpreload_core-amd64-linux.so
--6625--   Considering /usr/lib/valgrind/vgpreload_core-amd64-linux.so ..
--6625--   .. CRC mismatch (computed 50df1b30 wanted 4800a4cf)
--6625--    object doesn't have a symbol table
--6625-- Reading syms from /usr/lib/valgrind/vgpreload_memcheck-amd64-linux.so
--6625--   Considering /usr/lib/valgrind/vgpreload_memcheck-amd64-linux.so ..
--6625--   .. CRC mismatch (computed f893b962 wanted 95ee359e)
--6625--    object doesn't have a symbol table
==6625== WARNING: new redirection conflicts with existing -- ignoring it
--6625--     old: 0x0401f320 (strlen              ) R-> (0000.0) 0x580608c1 ???
--6625--     new: 0x0401f320 (strlen              ) R-> (2007.0) 0x04c32db0 strlen
--6625-- REDIR: 0x401d390 (ld-linux-x86-64.so.2:strcmp) redirected to 0x4c33ee0 (strcmp)
--6625-- REDIR: 0x401f860 (ld-linux-x86-64.so.2:mempcpy) redirected to 0x4c374f0 (mempcpy)
--6625-- Reading syms from /lib/x86_64-linux-gnu/libpthread-2.27.so
--6625--   Considering /usr/lib/debug/.build-id/bc/3c06107774266c5f7db3f1f380a3da68af90fa.debug ..
--6625--   .. build-id is valid
--6625-- Reading syms from /usr/lib/x86_64-linux-gnu/libsqlite3.so.0.8.6
--6625--    object doesn't have a symbol table
--6625-- Reading syms from /usr/local/lib/libtins.so.4.0
--6625-- Reading syms from /usr/lib/x86_64-linux-gnu/libstdc++.so.6.0.25
--6625--    object doesn't have a symbol table
--6625-- Reading syms from /lib/x86_64-linux-gnu/libm-2.27.so
--6625--   Considering /lib/x86_64-linux-gnu/libm-2.27.so ..
--6625--   .. CRC mismatch (computed 4cce394c wanted e22acdb4)
--6625--   Considering /usr/lib/debug/lib/x86_64-linux-gnu/libm-2.27.so ..
--6625--   .. CRC is valid
--6625-- Reading syms from /lib/x86_64-linux-gnu/libgcc_s.so.1
--6625--    object doesn't have a symbol table
--6625-- Reading syms from /lib/x86_64-linux-gnu/libc-2.27.so
--6625--   Considering /lib/x86_64-linux-gnu/libc-2.27.so ..
--6625--   .. CRC mismatch (computed c2c067b2 wanted d73adc7f)
--6625--   Considering /usr/lib/debug/lib/x86_64-linux-gnu/libc-2.27.so ..
--6625--   .. CRC is valid
--6625-- Reading syms from /lib/x86_64-linux-gnu/libdl-2.27.so
--6625--   Considering /lib/x86_64-linux-gnu/libdl-2.27.so ..
--6625--   .. CRC mismatch (computed 415bd007 wanted 4d6f4a12)
--6625--   Considering /usr/lib/debug/lib/x86_64-linux-gnu/libdl-2.27.so ..
--6625--   .. CRC is valid
--6625-- Reading syms from /usr/lib/x86_64-linux-gnu/libpcap.so.1.8.1
--6625--    object doesn't have a symbol table
--6625-- Reading syms from /usr/lib/x86_64-linux-gnu/libcrypto.so.1.1
--6625--    object doesn't have a symbol table
--6625-- REDIR: 0x6006ce0 (libc.so.6:memmove) redirected to 0x4a2a6e0 (_vgnU_ifunc_wrapper)
--6625-- REDIR: 0x6005db0 (libc.so.6:strncpy) redirected to 0x4a2a6e0 (_vgnU_ifunc_wrapper)
--6625-- REDIR: 0x6006fc0 (libc.so.6:strcasecmp) redirected to 0x4a2a6e0 (_vgnU_ifunc_wrapper)
--6625-- REDIR: 0x6005800 (libc.so.6:strcat) redirected to 0x4a2a6e0 (_vgnU_ifunc_wrapper)
--6625-- REDIR: 0x6005de0 (libc.so.6:rindex) redirected to 0x4a2a6e0 (_vgnU_ifunc_wrapper)
--6625-- REDIR: 0x6008830 (libc.so.6:rawmemchr) redirected to 0x4a2a6e0 (_vgnU_ifunc_wrapper)
--6625-- REDIR: 0x6006e50 (libc.so.6:mempcpy) redirected to 0x4a2a6e0 (_vgnU_ifunc_wrapper)
--6625-- REDIR: 0x6006c80 (libc.so.6:bcmp) redirected to 0x4a2a6e0 (_vgnU_ifunc_wrapper)
--6625-- REDIR: 0x6005d70 (libc.so.6:strncmp) redirected to 0x4a2a6e0 (_vgnU_ifunc_wrapper)
--6625-- REDIR: 0x6005870 (libc.so.6:strcmp) redirected to 0x4a2a6e0 (_vgnU_ifunc_wrapper)
--6625-- REDIR: 0x6006db0 (libc.so.6:memset) redirected to 0x4a2a6e0 (_vgnU_ifunc_wrapper)
--6625-- REDIR: 0x6024160 (libc.so.6:wcschr) redirected to 0x4a2a6e0 (_vgnU_ifunc_wrapper)
--6625-- REDIR: 0x6005d10 (libc.so.6:strnlen) redirected to 0x4a2a6e0 (_vgnU_ifunc_wrapper)
--6625-- REDIR: 0x60058e0 (libc.so.6:strcspn) redirected to 0x4a2a6e0 (_vgnU_ifunc_wrapper)
--6625-- REDIR: 0x6007010 (libc.so.6:strncasecmp) redirected to 0x4a2a6e0 (_vgnU_ifunc_wrapper)
--6625-- REDIR: 0x60058b0 (libc.so.6:strcpy) redirected to 0x4a2a6e0 (_vgnU_ifunc_wrapper)
--6625-- REDIR: 0x6007150 (libc.so.6:memcpy@@GLIBC_2.14) redirected to 0x4a2a6e0 (_vgnU_ifunc_wrapper)
--6625-- REDIR: 0x6005e10 (libc.so.6:strpbrk) redirected to 0x4a2a6e0 (_vgnU_ifunc_wrapper)
--6625-- REDIR: 0x6005830 (libc.so.6:index) redirected to 0x4a2a6e0 (_vgnU_ifunc_wrapper)
--6625-- REDIR: 0x6005ce0 (libc.so.6:strlen) redirected to 0x4a2a6e0 (_vgnU_ifunc_wrapper)
--6625-- REDIR: 0x6010730 (libc.so.6:memrchr) redirected to 0x4a2a6e0 (_vgnU_ifunc_wrapper)
--6625-- REDIR: 0x6007060 (libc.so.6:strcasecmp_l) redirected to 0x4a2a6e0 (_vgnU_ifunc_wrapper)
--6625-- REDIR: 0x6006c50 (libc.so.6:memchr) redirected to 0x4a2a6e0 (_vgnU_ifunc_wrapper)
--6625-- REDIR: 0x6024f20 (libc.so.6:wcslen) redirected to 0x4a2a6e0 (_vgnU_ifunc_wrapper)
--6625-- REDIR: 0x60060c0 (libc.so.6:strspn) redirected to 0x4a2a6e0 (_vgnU_ifunc_wrapper)
--6625-- REDIR: 0x6006f90 (libc.so.6:stpncpy) redirected to 0x4a2a6e0 (_vgnU_ifunc_wrapper)
--6625-- REDIR: 0x6006f60 (libc.so.6:stpcpy) redirected to 0x4a2a6e0 (_vgnU_ifunc_wrapper)
--6625-- REDIR: 0x6008860 (libc.so.6:strchrnul) redirected to 0x4a2a6e0 (_vgnU_ifunc_wrapper)
--6625-- REDIR: 0x60070b0 (libc.so.6:strncasecmp_l) redirected to 0x4a2a6e0 (_vgnU_ifunc_wrapper)
--6625-- REDIR: 0x6099a50 (libc.so.6:__memcpy_chk) redirected to 0x4a2a6e0 (_vgnU_ifunc_wrapper)
--6625-- REDIR: 0x6006b90 (libc.so.6:strstr) redirected to 0x4a2a6e0 (_vgnU_ifunc_wrapper)
--6625-- REDIR: 0x60f6630 (libc.so.6:__strrchr_avx2) redirected to 0x4c32730 (rindex)
--6625-- REDIR: 0x60020a0 (libc.so.6:calloc) redirected to 0x4c31a70 (calloc)
--6625-- REDIR: 0x60f6800 (libc.so.6:__strlen_avx2) redirected to 0x4c32cf0 (strlen)
--6625-- REDIR: 0x5fff0e0 (libc.so.6:malloc) redirected to 0x4c2faa0 (malloc)
--6625-- REDIR: 0x56bc280 (libstdc++.so.6:operator new(unsigned long)) redirected to 0x4c30110 (operator new(unsigned long))
--6625-- REDIR: 0x56ba390 (libstdc++.so.6:operator delete(void*)) redirected to 0x4c311d0 (operator delete(void*))
--6625-- REDIR: 0x60f2e10 (libc.so.6:__memcmp_avx2_movbe) redirected to 0x4c35e00 (bcmp)
--6625-- REDIR: 0x60d1fd0 (libc.so.6:__strcmp_ssse3) redirected to 0x4c33da0 (strcmp)
--6625-- REDIR: 0x60f6d40 (libc.so.6:__memcpy_avx_unaligned_erms) redirected to 0x4c366e0 (memmove)
--6625-- REDIR: 0x60f71c0 (libc.so.6:__memset_avx2_unaligned_erms) redirected to 0x4c365d0 (memset)
--6625-- REDIR: 0x60ed780 (libc.so.6:__strncmp_sse42) redirected to 0x4c33570 (__strncmp_sse42)
--6625-- REDIR: 0x60e3bc0 (libc.so.6:__strcpy_ssse3) redirected to 0x4c32dd0 (strcpy)
--6625-- REDIR: 0x60f2690 (libc.so.6:__memchr_avx2) redirected to 0x4c33f80 (memchr)
--6625-- REDIR: 0x5fff9c0 (libc.so.6:free) redirected to 0x4c30cd0 (free)
--6625-- REDIR: 0x6006600 (libc.so.6:__GI_strstr) redirected to 0x4c37760 (__strstr_sse2)
--6625-- REDIR: 0x60f6210 (libc.so.6:__strchr_avx2) redirected to 0x4c32950 (index)
--6625-- REDIR: 0x60f6440 (libc.so.6:__strchrnul_avx2) redirected to 0x4c37020 (strchrnul)
--6625-- REDIR: 0x60f6d20 (libc.so.6:__mempcpy_avx_unaligned_erms) redirected to 0x4c37130 (mempcpy)
--6625-- REDIR: 0x6002de0 (libc.so.6:posix_memalign) redirected to 0x4c31f60 (posix_memalign)
--6625-- REDIR: 0x6000ca0 (libc.so.6:realloc) redirected to 0x4c31cb0 (realloc)
--6625-- REDIR: 0x56bc330 (libstdc++.so.6:operator new[](unsigned long)) redirected to 0x4c30830 (operator new[](unsigned long))
==6625== Stack overflow in thread #1: can't grow stack to 0x1ffe801000
==6625== Stack overflow in thread #1: can't grow stack to 0x1ffe801000
==6625== Stack overflow in thread #1: can't grow stack to 0x1ffe801000
==6625== Stack overflow in thread #1: can't grow stack to 0x1ffe801000
==6625== Stack overflow in thread #1: can't grow stack to 0x1ffe801000
==6625== Can't extend stack to 0x1ffe801ff8 during signal delivery for thread 1:
==6625==   no stack segment
==6625== 
==6625== Process terminating with default action of signal 11 (SIGSEGV)
==6625==  Access not within mapped region at address 0x1FFE801FF8
==6625==    at 0x174288: void DataProcessor::quickSort<int>(int*, int, int) (DataProcessor.cpp:1312)
==6625==    by 0x174383: void DataProcessor::quickSort<int>(int*, int, int) (DataProcessor.cpp:1328)
==6625==    by 0x174383: void DataProcessor::quickSort<int>(int*, int, int) (DataProcessor.cpp:1328)
==6625==    by 0x174383: void DataProcessor::quickSort<int>(int*, int, int) (DataProcessor.cpp:1328)
==6625==    by 0x174383: void DataProcessor::quickSort<int>(int*, int, int) (DataProcessor.cpp:1328)
==6625==    by 0x174383: void DataProcessor::quickSort<int>(int*, int, int) (DataProcessor.cpp:1328)
==6625==    by 0x174383: void DataProcessor::quickSort<int>(int*, int, int) (DataProcessor.cpp:1328)
==6625==    by 0x174383: void DataProcessor::quickSort<int>(int*, int, int) (DataProcessor.cpp:1328)
==6625==    by 0x174383: void DataProcessor::quickSort<int>(int*, int, int) (DataProcessor.cpp:1328)
==6625==    by 0x174383: void DataProcessor::quickSort<int>(int*, int, int) (DataProcessor.cpp:1328)
==6625==    by 0x174383: void DataProcessor::quickSort<int>(int*, int, int) (DataProcessor.cpp:1328)
==6625==    by 0x174383: void DataProcessor::quickSort<int>(int*, int, int) (DataProcessor.cpp:1328)
==6625==  If you believe this happened as a result of a stack
==6625==  overflow in your program's main thread (unlikely but
==6625==  possible), you can try to increase the size of the
==6625==  main thread stack using the --main-stacksize= flag.
==6625==  The main thread stack size used in this run was 8388608.
==6625== Invalid write of size 8
==6625==    at 0x4A2A650: _vgnU_freeres (in /usr/lib/valgrind/vgpreload_core-amd64-linux.so)
==6625==  Address 0x1ffe802eb8 is on thread 1's stack
==6625== 
==6625== Invalid write of size 4
==6625==    at 0x4A2A6D0: _vgnU_freeres (in /usr/lib/valgrind/vgpreload_core-amd64-linux.so)
==6625==  Address 0x1ffe802e74 is on thread 1's stack
==6625== 
==6625== Invalid write of size 8
==6625==    at 0x4A2A6D3: _vgnU_freeres (in /usr/lib/valgrind/vgpreload_core-amd64-linux.so)
==6625==  Address 0x1ffe802e60 is on thread 1's stack
==6625== 
==6625== Invalid read of size 8
==6625==    at 0x56BA8E4: __gnu_cxx::__freeres() (in /usr/lib/x86_64-linux-gnu/libstdc++.so.6.0.25)
==6625==    by 0x4A2A6D7: _vgnU_freeres (in /usr/lib/valgrind/vgpreload_core-amd64-linux.so)
==6625==  Address 0x1ffe802e60 is on thread 1's stack
==6625==  in frame #0, created by __gnu_cxx::__freeres() (???:)
==6625== 
==6625== Invalid read of size 4
==6625==    at 0x4A2A6D8: _vgnU_freeres (in /usr/lib/valgrind/vgpreload_core-amd64-linux.so)
==6625==  Address 0x1ffe802e74 is on thread 1's stack
==6625== 
==6625== Invalid write of size 8
==6625==    at 0x4A2A672: _vgnU_freeres (in /usr/lib/valgrind/vgpreload_core-amd64-linux.so)
==6625==  Address 0x1ffe802e88 is on thread 1's stack
==6625== 
==6625== Invalid write of size 8
==6625==    at 0x4A2A67E: _vgnU_freeres (in /usr/lib/valgrind/vgpreload_core-amd64-linux.so)
==6625==  Address 0x1ffe802e90 is on thread 1's stack
==6625== 
==6625== Invalid write of size 8
==6625==    at 0x4A2A688: _vgnU_freeres (in /usr/lib/valgrind/vgpreload_core-amd64-linux.so)
==6625==  Address 0x1ffe802e98 is on thread 1's stack
==6625== 
==6625== Invalid write of size 8
==6625==    at 0x4A2A690: _vgnU_freeres (in /usr/lib/valgrind/vgpreload_core-amd64-linux.so)
==6625==  Address 0x1ffe802ea0 is on thread 1's stack
==6625== 
==6625== Invalid write of size 8
==6625==    at 0x4A2A698: _vgnU_freeres (in /usr/lib/valgrind/vgpreload_core-amd64-linux.so)
==6625==  Address 0x1ffe802ea8 is on thread 1's stack
==6625== 
==6625== Invalid write of size 8
==6625==    at 0x4A2A6A0: _vgnU_freeres (in /usr/lib/valgrind/vgpreload_core-amd64-linux.so)
==6625==  Address 0x1ffe802eb0 is on thread 1's stack
==6625== 
==6625== 
==6625== HEAP SUMMARY:
==6625==     in use at exit: 127,971,855 bytes in 5,078,976 blocks
==6625==   total heap usage: 10,737,716 allocs, 5,658,740 frees, 359,298,528 bytes allocated
==6625== 
==6625== Searching for pointers to 5,078,976 not-freed blocks
==6625== Checked 143,075,872 bytes
==6625== 
==6625== 48,048 bytes in 11 blocks are possibly lost in loss record 176 of 188
==6625==    at 0x4C2FB0F: malloc (in /usr/lib/valgrind/vgpreload_memcheck-amd64-linux.so)
==6625==    by 0x50A8233: ??? (in /usr/lib/x86_64-linux-gnu/libsqlite3.so.0.8.6)
==6625==    by 0x5076223: ??? (in /usr/lib/x86_64-linux-gnu/libsqlite3.so.0.8.6)
==6625==    by 0x507AAFB: ??? (in /usr/lib/x86_64-linux-gnu/libsqlite3.so.0.8.6)
==6625==    by 0x507B4C7: ??? (in /usr/lib/x86_64-linux-gnu/libsqlite3.so.0.8.6)
==6625==    by 0x50C41B8: ??? (in /usr/lib/x86_64-linux-gnu/libsqlite3.so.0.8.6)
==6625==    by 0x50A3DB1: ??? (in /usr/lib/x86_64-linux-gnu/libsqlite3.so.0.8.6)
==6625==    by 0x50A3FC0: ??? (in /usr/lib/x86_64-linux-gnu/libsqlite3.so.0.8.6)
==6625==    by 0x50CB550: ??? (in /usr/lib/x86_64-linux-gnu/libsqlite3.so.0.8.6)
==6625==    by 0x50CBF6D: ??? (in /usr/lib/x86_64-linux-gnu/libsqlite3.so.0.8.6)
==6625==    by 0x50F054C: ??? (in /usr/lib/x86_64-linux-gnu/libsqlite3.so.0.8.6)
==6625==    by 0x50F3450: sqlite3_step (in /usr/lib/x86_64-linux-gnu/libsqlite3.so.0.8.6)
==6625== 
==6625== 187,824 bytes in 43 blocks are possibly lost in loss record 178 of 188
==6625==    at 0x4C2FB0F: malloc (in /usr/lib/valgrind/vgpreload_memcheck-amd64-linux.so)
==6625==    by 0x50A8233: ??? (in /usr/lib/x86_64-linux-gnu/libsqlite3.so.0.8.6)
==6625==    by 0x5076223: ??? (in /usr/lib/x86_64-linux-gnu/libsqlite3.so.0.8.6)
==6625==    by 0x507AAFB: ??? (in /usr/lib/x86_64-linux-gnu/libsqlite3.so.0.8.6)
==6625==    by 0x507B4C7: ??? (in /usr/lib/x86_64-linux-gnu/libsqlite3.so.0.8.6)
==6625==    by 0x50C41B8: ??? (in /usr/lib/x86_64-linux-gnu/libsqlite3.so.0.8.6)
==6625==    by 0x50A3DB1: ??? (in /usr/lib/x86_64-linux-gnu/libsqlite3.so.0.8.6)
==6625==    by 0x50A3FC0: ??? (in /usr/lib/x86_64-linux-gnu/libsqlite3.so.0.8.6)
==6625==    by 0x50E95CB: ??? (in /usr/lib/x86_64-linux-gnu/libsqlite3.so.0.8.6)
==6625==    by 0x50F3450: sqlite3_step (in /usr/lib/x86_64-linux-gnu/libsqlite3.so.0.8.6)
==6625==    by 0x193865: DatabaseSqlite3::query(std::__cxx11::basic_string<char, std::char_traits<char>, std::allocator<char> >, std::__cxx11::list<std::__cxx11::basic_string<char, std::char_traits<char>, std::allocator<char> >, std::allocator<std::__cxx11::basic_string<char, std::char_traits<char>, std::allocator<char> > > >&) (DatabaseSqlite3.cpp:49)
==6625==    by 0x19501E: DatabaseSqlite3::join(std::__cxx11::basic_string<char, std::char_traits<char>, std::allocator<char> >, std::__cxx11::basic_string<char, std::char_traits<char>, std::allocator<char> >, std::__cxx11::basic_string<char, std::char_traits<char>, std::allocator<char> >, std::__cxx11::basic_string<char, std::char_traits<char>, std::allocator<char> >, std::__cxx11::basic_string<char, std::char_traits<char>, std::allocator<char> >, std::__cxx11::basic_string<char, std::char_traits<char>, std::allocator<char> >, std::__cxx11::basic_string<char, std::char_traits<char>, std::allocator<char> >, std::__cxx11::list<std::__cxx11::basic_string<char, std::char_traits<char>, std::allocator<char> >, std::allocator<std::__cxx11::basic_string<char, std::char_traits<char>, std::allocator<char> > > >&) (DatabaseSqlite3.cpp:159)
==6625== 
==6625== 1,782,144 bytes in 408 blocks are possibly lost in loss record 180 of 188
==6625==    at 0x4C2FB0F: malloc (in /usr/lib/valgrind/vgpreload_memcheck-amd64-linux.so)
==6625==    by 0x50A8233: ??? (in /usr/lib/x86_64-linux-gnu/libsqlite3.so.0.8.6)
==6625==    by 0x5076223: ??? (in /usr/lib/x86_64-linux-gnu/libsqlite3.so.0.8.6)
==6625==    by 0x507AAFB: ??? (in /usr/lib/x86_64-linux-gnu/libsqlite3.so.0.8.6)
==6625==    by 0x507B4C7: ??? (in /usr/lib/x86_64-linux-gnu/libsqlite3.so.0.8.6)
==6625==    by 0x50C41B8: ??? (in /usr/lib/x86_64-linux-gnu/libsqlite3.so.0.8.6)
==6625==    by 0x50A3DB1: ??? (in /usr/lib/x86_64-linux-gnu/libsqlite3.so.0.8.6)
==6625==    by 0x50CB310: ??? (in /usr/lib/x86_64-linux-gnu/libsqlite3.so.0.8.6)
==6625==    by 0x50CBF6D: ??? (in /usr/lib/x86_64-linux-gnu/libsqlite3.so.0.8.6)
==6625==    by 0x50F054C: ??? (in /usr/lib/x86_64-linux-gnu/libsqlite3.so.0.8.6)
==6625==    by 0x50F3450: sqlite3_step (in /usr/lib/x86_64-linux-gnu/libsqlite3.so.0.8.6)
==6625==    by 0x193865: DatabaseSqlite3::query(std::__cxx11::basic_string<char, std::char_traits<char>, std::allocator<char> >, std::__cxx11::list<std::__cxx11::basic_string<char, std::char_traits<char>, std::allocator<char> >, std::allocator<std::__cxx11::basic_string<char, std::char_traits<char>, std::allocator<char> > > >&) (DatabaseSqlite3.cpp:49)
==6625== 
==6625== LEAK SUMMARY:
==6625==    definitely lost: 0 bytes in 0 blocks
==6625==    indirectly lost: 0 bytes in 0 blocks
==6625==      possibly lost: 2,018,016 bytes in 462 blocks
==6625==    still reachable: 125,953,839 bytes in 5,078,514 blocks
==6625==                       of which reachable via heuristic:
==6625==                         length64           : 111,104 bytes in 211 blocks
==6625==         suppressed: 0 bytes in 0 blocks
==6625== Reachable blocks (those to which a pointer was found) are not shown.
==6625== To see them, rerun with: --leak-check=full --show-leak-kinds=all
==6625== 
==6625== ERROR SUMMARY: 14 errors from 14 contexts (suppressed: 0 from 0)
==6625== 
==6625== 1 errors in context 1 of 14:
==6625== Invalid write of size 8
==6625==    at 0x4A2A6A0: _vgnU_freeres (in /usr/lib/valgrind/vgpreload_core-amd64-linux.so)
==6625==  Address 0x1ffe802eb0 is on thread 1's stack
==6625== 
==6625== 
==6625== 1 errors in context 2 of 14:
==6625== Invalid write of size 8
==6625==    at 0x4A2A698: _vgnU_freeres (in /usr/lib/valgrind/vgpreload_core-amd64-linux.so)
==6625==  Address 0x1ffe802ea8 is on thread 1's stack
==6625== 
==6625== 
==6625== 1 errors in context 3 of 14:
==6625== Invalid write of size 8
==6625==    at 0x4A2A690: _vgnU_freeres (in /usr/lib/valgrind/vgpreload_core-amd64-linux.so)
==6625==  Address 0x1ffe802ea0 is on thread 1's stack
==6625== 
==6625== 
==6625== 1 errors in context 4 of 14:
==6625== Invalid write of size 8
==6625==    at 0x4A2A688: _vgnU_freeres (in /usr/lib/valgrind/vgpreload_core-amd64-linux.so)
==6625==  Address 0x1ffe802e98 is on thread 1's stack
==6625== 
==6625== 
==6625== 1 errors in context 5 of 14:
==6625== Invalid write of size 8
==6625==    at 0x4A2A67E: _vgnU_freeres (in /usr/lib/valgrind/vgpreload_core-amd64-linux.so)
==6625==  Address 0x1ffe802e90 is on thread 1's stack
==6625== 
==6625== 
==6625== 1 errors in context 6 of 14:
==6625== Invalid write of size 8
==6625==    at 0x4A2A672: _vgnU_freeres (in /usr/lib/valgrind/vgpreload_core-amd64-linux.so)
==6625==  Address 0x1ffe802e88 is on thread 1's stack
==6625== 
==6625== 
==6625== 1 errors in context 7 of 14:
==6625== Invalid read of size 4
==6625==    at 0x4A2A6D8: _vgnU_freeres (in /usr/lib/valgrind/vgpreload_core-amd64-linux.so)
==6625==  Address 0x1ffe802e74 is on thread 1's stack
==6625== 
==6625== 
==6625== 1 errors in context 8 of 14:
==6625== Invalid read of size 8
==6625==    at 0x56BA8E4: __gnu_cxx::__freeres() (in /usr/lib/x86_64-linux-gnu/libstdc++.so.6.0.25)
==6625==    by 0x4A2A6D7: _vgnU_freeres (in /usr/lib/valgrind/vgpreload_core-amd64-linux.so)
==6625==  Address 0x1ffe802e60 is on thread 1's stack
==6625==  in frame #0, created by __gnu_cxx::__freeres() (???:)
==6625== 
==6625== 
==6625== 1 errors in context 9 of 14:
==6625== Invalid write of size 8
==6625==    at 0x4A2A6D3: _vgnU_freeres (in /usr/lib/valgrind/vgpreload_core-amd64-linux.so)
==6625==  Address 0x1ffe802e60 is on thread 1's stack
==6625== 
==6625== 
==6625== 1 errors in context 10 of 14:
==6625== Invalid write of size 4
==6625==    at 0x4A2A6D0: _vgnU_freeres (in /usr/lib/valgrind/vgpreload_core-amd64-linux.so)
==6625==  Address 0x1ffe802e74 is on thread 1's stack
==6625== 
==6625== 
==6625== 1 errors in context 11 of 14:
==6625== Invalid write of size 8
==6625==    at 0x4A2A650: _vgnU_freeres (in /usr/lib/valgrind/vgpreload_core-amd64-linux.so)
==6625==  Address 0x1ffe802eb8 is on thread 1's stack
==6625== 
==6625== ERROR SUMMARY: 14 errors from 14 contexts (suppressed: 0 from 0)
