Date;Time;Severity;TID;This;Function;Message
2017/09/29;23:33:01.072;DEBUG;13221;0;NetworkTrace::NetworkTrace@18;"[../libsimitar/NetworkTrace.cpp] NetworkTrace() constructor => args fileName:../../data/xml/skype.sec.xml, trafficGenEngine:dummy"
2017/09/29;23:33:01.192;DEBUG;13221;0;NetworkFlowFactory::make_flow@31;"[../libsimitar/NetworkFlowFactory.cpp] Creating DummyFlow"
2017/09/29;23:33:01.192;DEBUG;13221;0;NetworkTrace::NetworkTrace@71;"[../libsimitar/NetworkTrace.cpp] Factoring flow[0]: NetworkFlowFactory::make_flow(dummy)"
2017/09/29;23:33:01.192;DEBUG;13221;0;NetworkFlowFactory::make_flow@31;"[../libsimitar/NetworkFlowFactory.cpp] Creating DummyFlow"
2017/09/29;23:33:01.192;DEBUG;13221;0;NetworkTrace::NetworkTrace@71;"[../libsimitar/NetworkTrace.cpp] Factoring flow[1]: NetworkFlowFactory::make_flow(dummy)"
2017/09/29;23:33:01.193;DEBUG;13221;0;NetworkFlowFactory::make_flow@31;"[../libsimitar/NetworkFlowFactory.cpp] Creating DummyFlow"
2017/09/29;23:33:01.193;DEBUG;13221;0;NetworkTrace::NetworkTrace@71;"[../libsimitar/NetworkTrace.cpp] Factoring flow[2]: NetworkFlowFactory::make_flow(dummy)"
2017/09/29;23:33:01.193;DEBUG;13221;0;NetworkFlowFactory::make_flow@31;"[../libsimitar/NetworkFlowFactory.cpp] Creating DummyFlow"
2017/09/29;23:33:01.193;DEBUG;13221;0;NetworkTrace::NetworkTrace@71;"[../libsimitar/NetworkTrace.cpp] Factoring flow[3]: NetworkFlowFactory::make_flow(dummy)"
2017/09/29;23:33:01.193;DEBUG;13221;0;NetworkFlowFactory::make_flow@31;"[../libsimitar/NetworkFlowFactory.cpp] Creating DummyFlow"
2017/09/29;23:33:01.193;DEBUG;13221;0;NetworkTrace::NetworkTrace@71;"[../libsimitar/NetworkTrace.cpp] Factoring flow[4]: NetworkFlowFactory::make_flow(dummy)"
2017/09/29;23:33:01.193;DEBUG;13221;0;NetworkFlowFactory::make_flow@31;"[../libsimitar/NetworkFlowFactory.cpp] Creating DummyFlow"
2017/09/29;23:33:01.193;DEBUG;13221;0;NetworkTrace::NetworkTrace@71;"[../libsimitar/NetworkTrace.cpp] Factoring flow[5]: NetworkFlowFactory::make_flow(dummy)"
2017/09/29;23:33:01.193;DEBUG;13221;0;NetworkFlowFactory::make_flow@31;"[../libsimitar/NetworkFlowFactory.cpp] Creating DummyFlow"
2017/09/29;23:33:01.193;DEBUG;13221;0;NetworkTrace::NetworkTrace@71;"[../libsimitar/NetworkTrace.cpp] Factoring flow[6]: NetworkFlowFactory::make_flow(dummy)"
2017/09/29;23:33:01.193;DEBUG;13221;0;NetworkFlowFactory::make_flow@31;"[../libsimitar/NetworkFlowFactory.cpp] Creating DummyFlow"
2017/09/29;23:33:01.194;DEBUG;13221;0;NetworkTrace::NetworkTrace@71;"[../libsimitar/NetworkTrace.cpp] Factoring flow[7]: NetworkFlowFactory::make_flow(dummy)"
2017/09/29;23:33:01.194;DEBUG;13221;0;NetworkFlowFactory::make_flow@31;"[../libsimitar/NetworkFlowFactory.cpp] Creating DummyFlow"
2017/09/29;23:33:01.194;DEBUG;13221;0;NetworkTrace::NetworkTrace@71;"[../libsimitar/NetworkTrace.cpp] Factoring flow[8]: NetworkFlowFactory::make_flow(dummy)"
2017/09/29;23:33:01.194;DEBUG;13221;0;NetworkFlowFactory::make_flow@31;"[../libsimitar/NetworkFlowFactory.cpp] Creating DummyFlow"
2017/09/29;23:33:01.194;DEBUG;13221;0;NetworkTrace::NetworkTrace@71;"[../libsimitar/NetworkTrace.cpp] Factoring flow[9]: NetworkFlowFactory::make_flow(dummy)"
2017/09/29;23:33:01.194;DEBUG;13221;0;NetworkFlowFactory::make_flow@31;"[../libsimitar/NetworkFlowFactory.cpp] Creating DummyFlow"
2017/09/29;23:33:01.194;DEBUG;13221;0;NetworkTrace::NetworkTrace@71;"[../libsimitar/NetworkTrace.cpp] Factoring flow[10]: NetworkFlowFactory::make_flow(dummy)"
2017/09/29;23:33:01.194;DEBUG;13221;0;NetworkFlowFactory::make_flow@31;"[../libsimitar/NetworkFlowFactory.cpp] Creating DummyFlow"
2017/09/29;23:33:01.194;DEBUG;13221;0;NetworkTrace::NetworkTrace@71;"[../libsimitar/NetworkTrace.cpp] Factoring flow[11]: NetworkFlowFactory::make_flow(dummy)"
2017/09/29;23:33:01.194;DEBUG;13221;0;NetworkFlowFactory::make_flow@31;"[../libsimitar/NetworkFlowFactory.cpp] Creating DummyFlow"
2017/09/29;23:33:01.194;DEBUG;13221;0;NetworkTrace::NetworkTrace@71;"[../libsimitar/NetworkTrace.cpp] Factoring flow[12]: NetworkFlowFactory::make_flow(dummy)"
2017/09/29;23:33:01.194;DEBUG;13221;0;NetworkFlowFactory::make_flow@31;"[../libsimitar/NetworkFlowFactory.cpp] Creating DummyFlow"
2017/09/29;23:33:01.195;DEBUG;13221;0;NetworkTrace::NetworkTrace@71;"[../libsimitar/NetworkTrace.cpp] Factoring flow[13]: NetworkFlowFactory::make_flow(dummy)"
2017/09/29;23:33:01.195;DEBUG;13221;0;NetworkFlowFactory::make_flow@31;"[../libsimitar/NetworkFlowFactory.cpp] Creating DummyFlow"
2017/09/29;23:33:01.195;DEBUG;13221;0;NetworkTrace::NetworkTrace@71;"[../libsimitar/NetworkTrace.cpp] Factoring flow[14]: NetworkFlowFactory::make_flow(dummy)"
2017/09/29;23:33:01.195;DEBUG;13221;0;NetworkFlowFactory::make_flow@31;"[../libsimitar/NetworkFlowFactory.cpp] Creating DummyFlow"
2017/09/29;23:33:01.195;DEBUG;13221;0;NetworkTrace::NetworkTrace@71;"[../libsimitar/NetworkTrace.cpp] Factoring flow[15]: NetworkFlowFactory::make_flow(dummy)"
2017/09/29;23:33:01.195;DEBUG;13221;0;NetworkFlowFactory::make_flow@31;"[../libsimitar/NetworkFlowFactory.cpp] Creating DummyFlow"
2017/09/29;23:33:01.195;DEBUG;13221;0;NetworkTrace::NetworkTrace@71;"[../libsimitar/NetworkTrace.cpp] Factoring flow[16]: NetworkFlowFactory::make_flow(dummy)"
2017/09/29;23:33:01.195;DEBUG;13221;0;NetworkFlowFactory::make_flow@31;"[../libsimitar/NetworkFlowFactory.cpp] Creating DummyFlow"
2017/09/29;23:33:01.195;DEBUG;13221;0;NetworkTrace::NetworkTrace@71;"[../libsimitar/NetworkTrace.cpp] Factoring flow[17]: NetworkFlowFactory::make_flow(dummy)"
2017/09/29;23:33:01.195;DEBUG;13221;0;NetworkFlowFactory::make_flow@31;"[../libsimitar/NetworkFlowFactory.cpp] Creating DummyFlow"
2017/09/29;23:33:01.195;DEBUG;13221;0;NetworkTrace::NetworkTrace@71;"[../libsimitar/NetworkTrace.cpp] Factoring flow[18]: NetworkFlowFactory::make_flow(dummy)"
2017/09/29;23:33:01.195;DEBUG;13221;0;NetworkFlowFactory::make_flow@31;"[../libsimitar/NetworkFlowFactory.cpp] Creating DummyFlow"
2017/09/29;23:33:01.195;DEBUG;13221;0;NetworkTrace::NetworkTrace@71;"[../libsimitar/NetworkTrace.cpp] Factoring flow[19]: NetworkFlowFactory::make_flow(dummy)"
2017/09/29;23:33:01.196;DEBUG;13221;0;NetworkFlowFactory::make_flow@31;"[../libsimitar/NetworkFlowFactory.cpp] Creating DummyFlow"
2017/09/29;23:33:01.196;DEBUG;13221;0;NetworkTrace::NetworkTrace@71;"[../libsimitar/NetworkTrace.cpp] Factoring flow[20]: NetworkFlowFactory::make_flow(dummy)"
2017/09/29;23:33:01.196;DEBUG;13221;0;NetworkFlowFactory::make_flow@31;"[../libsimitar/NetworkFlowFactory.cpp] Creating DummyFlow"
2017/09/29;23:33:01.196;DEBUG;13221;0;NetworkTrace::NetworkTrace@71;"[../libsimitar/NetworkTrace.cpp] Factoring flow[21]: NetworkFlowFactory::make_flow(dummy)"
2017/09/29;23:33:01.196;DEBUG;13221;0;NetworkFlowFactory::make_flow@31;"[../libsimitar/NetworkFlowFactory.cpp] Creating DummyFlow"
2017/09/29;23:33:01.196;DEBUG;13221;0;NetworkTrace::NetworkTrace@71;"[../libsimitar/NetworkTrace.cpp] Factoring flow[22]: NetworkFlowFactory::make_flow(dummy)"
2017/09/29;23:33:01.196;DEBUG;13221;0;NetworkFlowFactory::make_flow@31;"[../libsimitar/NetworkFlowFactory.cpp] Creating DummyFlow"
2017/09/29;23:33:01.196;DEBUG;13221;0;NetworkTrace::NetworkTrace@71;"[../libsimitar/NetworkTrace.cpp] Factoring flow[23]: NetworkFlowFactory::make_flow(dummy)"
2017/09/29;23:33:01.196;DEBUG;13221;0;NetworkFlowFactory::make_flow@31;"[../libsimitar/NetworkFlowFactory.cpp] Creating DummyFlow"
2017/09/29;23:33:01.196;DEBUG;13221;0;NetworkTrace::NetworkTrace@71;"[../libsimitar/NetworkTrace.cpp] Factoring flow[24]: NetworkFlowFactory::make_flow(dummy)"
2017/09/29;23:33:01.196;DEBUG;13221;0;NetworkFlowFactory::make_flow@31;"[../libsimitar/NetworkFlowFactory.cpp] Creating DummyFlow"
2017/09/29;23:33:01.196;DEBUG;13221;0;NetworkTrace::NetworkTrace@71;"[../libsimitar/NetworkTrace.cpp] Factoring flow[25]: NetworkFlowFactory::make_flow(dummy)"
2017/09/29;23:33:01.196;DEBUG;13221;0;NetworkFlowFactory::make_flow@31;"[../libsimitar/NetworkFlowFactory.cpp] Creating DummyFlow"
2017/09/29;23:33:01.196;DEBUG;13221;0;NetworkTrace::NetworkTrace@71;"[../libsimitar/NetworkTrace.cpp] Factoring flow[26]: NetworkFlowFactory::make_flow(dummy)"
2017/09/29;23:33:01.196;DEBUG;13221;0;NetworkFlowFactory::make_flow@31;"[../libsimitar/NetworkFlowFactory.cpp] Creating DummyFlow"
2017/09/29;23:33:01.197;DEBUG;13221;0;NetworkTrace::NetworkTrace@71;"[../libsimitar/NetworkTrace.cpp] Factoring flow[27]: NetworkFlowFactory::make_flow(dummy)"
2017/09/29;23:33:01.197;DEBUG;13221;0;NetworkFlowFactory::make_flow@31;"[../libsimitar/NetworkFlowFactory.cpp] Creating DummyFlow"
2017/09/29;23:33:01.197;DEBUG;13221;0;NetworkTrace::NetworkTrace@71;"[../libsimitar/NetworkTrace.cpp] Factoring flow[28]: NetworkFlowFactory::make_flow(dummy)"
2017/09/29;23:33:01.197;DEBUG;13221;0;NetworkFlowFactory::make_flow@31;"[../libsimitar/NetworkFlowFactory.cpp] Creating DummyFlow"
2017/09/29;23:33:01.197;DEBUG;13221;0;NetworkTrace::NetworkTrace@71;"[../libsimitar/NetworkTrace.cpp] Factoring flow[29]: NetworkFlowFactory::make_flow(dummy)"
2017/09/29;23:33:01.197;DEBUG;13221;0;NetworkFlowFactory::make_flow@31;"[../libsimitar/NetworkFlowFactory.cpp] Creating DummyFlow"
2017/09/29;23:33:01.197;DEBUG;13221;0;NetworkTrace::NetworkTrace@71;"[../libsimitar/NetworkTrace.cpp] Factoring flow[30]: NetworkFlowFactory::make_flow(dummy)"
2017/09/29;23:33:01.197;DEBUG;13221;0;NetworkFlowFactory::make_flow@31;"[../libsimitar/NetworkFlowFactory.cpp] Creating DummyFlow"
2017/09/29;23:33:01.197;DEBUG;13221;0;NetworkTrace::NetworkTrace@71;"[../libsimitar/NetworkTrace.cpp] Factoring flow[31]: NetworkFlowFactory::make_flow(dummy)"
2017/09/29;23:33:01.197;DEBUG;13221;0;NetworkFlowFactory::make_flow@31;"[../libsimitar/NetworkFlowFactory.cpp] Creating DummyFlow"
2017/09/29;23:33:01.197;DEBUG;13221;0;NetworkTrace::NetworkTrace@71;"[../libsimitar/NetworkTrace.cpp] Factoring flow[32]: NetworkFlowFactory::make_flow(dummy)"
2017/09/29;23:33:01.197;DEBUG;13221;0;NetworkFlowFactory::make_flow@31;"[../libsimitar/NetworkFlowFactory.cpp] Creating DummyFlow"
2017/09/29;23:33:01.197;DEBUG;13221;0;NetworkTrace::NetworkTrace@71;"[../libsimitar/NetworkTrace.cpp] Factoring flow[33]: NetworkFlowFactory::make_flow(dummy)"
2017/09/29;23:33:01.197;DEBUG;13221;0;NetworkFlowFactory::make_flow@31;"[../libsimitar/NetworkFlowFactory.cpp] Creating DummyFlow"
2017/09/29;23:33:01.197;DEBUG;13221;0;NetworkTrace::NetworkTrace@71;"[../libsimitar/NetworkTrace.cpp] Factoring flow[34]: NetworkFlowFactory::make_flow(dummy)"
2017/09/29;23:33:01.198;DEBUG;13221;0;NetworkFlowFactory::make_flow@31;"[../libsimitar/NetworkFlowFactory.cpp] Creating DummyFlow"
2017/09/29;23:33:01.198;DEBUG;13221;0;NetworkTrace::NetworkTrace@71;"[../libsimitar/NetworkTrace.cpp] Factoring flow[35]: NetworkFlowFactory::make_flow(dummy)"
2017/09/29;23:33:01.198;DEBUG;13221;0;NetworkFlowFactory::make_flow@31;"[../libsimitar/NetworkFlowFactory.cpp] Creating DummyFlow"
2017/09/29;23:33:01.198;DEBUG;13221;0;NetworkTrace::NetworkTrace@71;"[../libsimitar/NetworkTrace.cpp] Factoring flow[36]: NetworkFlowFactory::make_flow(dummy)"
2017/09/29;23:33:01.198;DEBUG;13221;0;NetworkFlowFactory::make_flow@31;"[../libsimitar/NetworkFlowFactory.cpp] Creating DummyFlow"
2017/09/29;23:33:01.198;DEBUG;13221;0;NetworkTrace::NetworkTrace@71;"[../libsimitar/NetworkTrace.cpp] Factoring flow[37]: NetworkFlowFactory::make_flow(dummy)"
2017/09/29;23:33:01.198;DEBUG;13221;0;NetworkFlowFactory::make_flow@31;"[../libsimitar/NetworkFlowFactory.cpp] Creating DummyFlow"
2017/09/29;23:33:01.198;DEBUG;13221;0;NetworkTrace::NetworkTrace@71;"[../libsimitar/NetworkTrace.cpp] Factoring flow[38]: NetworkFlowFactory::make_flow(dummy)"
2017/09/29;23:33:01.198;DEBUG;13221;0;NetworkFlowFactory::make_flow@31;"[../libsimitar/NetworkFlowFactory.cpp] Creating DummyFlow"
2017/09/29;23:33:01.198;DEBUG;13221;0;NetworkTrace::NetworkTrace@71;"[../libsimitar/NetworkTrace.cpp] Factoring flow[39]: NetworkFlowFactory::make_flow(dummy)"
2017/09/29;23:33:01.198;DEBUG;13221;0;NetworkFlowFactory::make_flow@31;"[../libsimitar/NetworkFlowFactory.cpp] Creating DummyFlow"
2017/09/29;23:33:01.198;DEBUG;13221;0;NetworkTrace::NetworkTrace@71;"[../libsimitar/NetworkTrace.cpp] Factoring flow[40]: NetworkFlowFactory::make_flow(dummy)"
2017/09/29;23:33:01.198;DEBUG;13221;0;NetworkFlowFactory::make_flow@31;"[../libsimitar/NetworkFlowFactory.cpp] Creating DummyFlow"
2017/09/29;23:33:01.198;DEBUG;13221;0;NetworkTrace::NetworkTrace@71;"[../libsimitar/NetworkTrace.cpp] Factoring flow[41]: NetworkFlowFactory::make_flow(dummy)"
2017/09/29;23:33:01.198;DEBUG;13221;0;NetworkFlowFactory::make_flow@31;"[../libsimitar/NetworkFlowFactory.cpp] Creating DummyFlow"
2017/09/29;23:33:01.198;DEBUG;13221;0;NetworkTrace::NetworkTrace@71;"[../libsimitar/NetworkTrace.cpp] Factoring flow[42]: NetworkFlowFactory::make_flow(dummy)"
2017/09/29;23:33:01.199;DEBUG;13221;0;NetworkFlowFactory::make_flow@31;"[../libsimitar/NetworkFlowFactory.cpp] Creating DummyFlow"
2017/09/29;23:33:01.199;DEBUG;13221;0;NetworkTrace::NetworkTrace@71;"[../libsimitar/NetworkTrace.cpp] Factoring flow[43]: NetworkFlowFactory::make_flow(dummy)"
2017/09/29;23:33:01.199;DEBUG;13221;0;NetworkFlowFactory::make_flow@31;"[../libsimitar/NetworkFlowFactory.cpp] Creating DummyFlow"
2017/09/29;23:33:01.199;DEBUG;13221;0;NetworkTrace::NetworkTrace@71;"[../libsimitar/NetworkTrace.cpp] Factoring flow[44]: NetworkFlowFactory::make_flow(dummy)"
2017/09/29;23:33:01.199;DEBUG;13221;0;NetworkFlowFactory::make_flow@31;"[../libsimitar/NetworkFlowFactory.cpp] Creating DummyFlow"
2017/09/29;23:33:01.199;DEBUG;13221;0;NetworkTrace::NetworkTrace@71;"[../libsimitar/NetworkTrace.cpp] Factoring flow[45]: NetworkFlowFactory::make_flow(dummy)"
2017/09/29;23:33:01.199;DEBUG;13221;0;NetworkFlowFactory::make_flow@31;"[../libsimitar/NetworkFlowFactory.cpp] Creating DummyFlow"
2017/09/29;23:33:01.199;DEBUG;13221;0;NetworkTrace::NetworkTrace@71;"[../libsimitar/NetworkTrace.cpp] Factoring flow[46]: NetworkFlowFactory::make_flow(dummy)"
2017/09/29;23:33:01.199;DEBUG;13221;0;NetworkFlowFactory::make_flow@31;"[../libsimitar/NetworkFlowFactory.cpp] Creating DummyFlow"
2017/09/29;23:33:01.199;DEBUG;13221;0;NetworkTrace::NetworkTrace@71;"[../libsimitar/NetworkTrace.cpp] Factoring flow[47]: NetworkFlowFactory::make_flow(dummy)"
2017/09/29;23:33:01.199;DEBUG;13221;0;NetworkFlowFactory::make_flow@31;"[../libsimitar/NetworkFlowFactory.cpp] Creating DummyFlow"
2017/09/29;23:33:01.199;DEBUG;13221;0;NetworkTrace::NetworkTrace@71;"[../libsimitar/NetworkTrace.cpp] Factoring flow[48]: NetworkFlowFactory::make_flow(dummy)"
2017/09/29;23:33:01.199;DEBUG;13221;0;NetworkFlowFactory::make_flow@31;"[../libsimitar/NetworkFlowFactory.cpp] Creating DummyFlow"
2017/09/29;23:33:01.199;DEBUG;13221;0;NetworkTrace::NetworkTrace@71;"[../libsimitar/NetworkTrace.cpp] Factoring flow[49]: NetworkFlowFactory::make_flow(dummy)"
2017/09/29;23:33:01.199;DEBUG;13221;0;NetworkFlowFactory::make_flow@31;"[../libsimitar/NetworkFlowFactory.cpp] Creating DummyFlow"
2017/09/29;23:33:01.199;DEBUG;13221;0;NetworkTrace::NetworkTrace@71;"[../libsimitar/NetworkTrace.cpp] Factoring flow[50]: NetworkFlowFactory::make_flow(dummy)"
2017/09/29;23:33:01.200;DEBUG;13221;0;NetworkFlowFactory::make_flow@31;"[../libsimitar/NetworkFlowFactory.cpp] Creating DummyFlow"
2017/09/29;23:33:01.200;DEBUG;13221;0;NetworkTrace::NetworkTrace@71;"[../libsimitar/NetworkTrace.cpp] Factoring flow[51]: NetworkFlowFactory::make_flow(dummy)"
2017/09/29;23:33:01.200;DEBUG;13221;0;NetworkFlowFactory::make_flow@31;"[../libsimitar/NetworkFlowFactory.cpp] Creating DummyFlow"
2017/09/29;23:33:01.200;DEBUG;13221;0;NetworkTrace::NetworkTrace@71;"[../libsimitar/NetworkTrace.cpp] Factoring flow[52]: NetworkFlowFactory::make_flow(dummy)"
2017/09/29;23:33:01.200;DEBUG;13221;0;NetworkFlowFactory::make_flow@31;"[../libsimitar/NetworkFlowFactory.cpp] Creating DummyFlow"
2017/09/29;23:33:01.200;DEBUG;13221;0;NetworkTrace::NetworkTrace@71;"[../libsimitar/NetworkTrace.cpp] Factoring flow[53]: NetworkFlowFactory::make_flow(dummy)"
2017/09/29;23:33:01.200;DEBUG;13221;0;NetworkFlowFactory::make_flow@31;"[../libsimitar/NetworkFlowFactory.cpp] Creating DummyFlow"
2017/09/29;23:33:01.200;DEBUG;13221;0;NetworkTrace::NetworkTrace@71;"[../libsimitar/NetworkTrace.cpp] Factoring flow[54]: NetworkFlowFactory::make_flow(dummy)"
2017/09/29;23:33:01.200;DEBUG;13221;0;NetworkFlowFactory::make_flow@31;"[../libsimitar/NetworkFlowFactory.cpp] Creating DummyFlow"
2017/09/29;23:33:01.200;DEBUG;13221;0;NetworkTrace::NetworkTrace@71;"[../libsimitar/NetworkTrace.cpp] Factoring flow[55]: NetworkFlowFactory::make_flow(dummy)"
2017/09/29;23:33:01.200;DEBUG;13221;0;NetworkFlowFactory::make_flow@31;"[../libsimitar/NetworkFlowFactory.cpp] Creating DummyFlow"
2017/09/29;23:33:01.200;DEBUG;13221;0;NetworkTrace::NetworkTrace@71;"[../libsimitar/NetworkTrace.cpp] Factoring flow[56]: NetworkFlowFactory::make_flow(dummy)"
2017/09/29;23:33:01.200;DEBUG;13221;0;NetworkFlowFactory::make_flow@31;"[../libsimitar/NetworkFlowFactory.cpp] Creating DummyFlow"
2017/09/29;23:33:01.200;DEBUG;13221;0;NetworkTrace::NetworkTrace@71;"[../libsimitar/NetworkTrace.cpp] Factoring flow[57]: NetworkFlowFactory::make_flow(dummy)"
2017/09/29;23:33:01.200;DEBUG;13221;0;NetworkFlowFactory::make_flow@31;"[../libsimitar/NetworkFlowFactory.cpp] Creating DummyFlow"
2017/09/29;23:33:01.200;DEBUG;13221;0;NetworkTrace::NetworkTrace@71;"[../libsimitar/NetworkTrace.cpp] Factoring flow[58]: NetworkFlowFactory::make_flow(dummy)"
2017/09/29;23:33:01.200;DEBUG;13221;0;NetworkFlowFactory::make_flow@31;"[../libsimitar/NetworkFlowFactory.cpp] Creating DummyFlow"
2017/09/29;23:33:01.200;DEBUG;13221;0;NetworkTrace::NetworkTrace@71;"[../libsimitar/NetworkTrace.cpp] Factoring flow[59]: NetworkFlowFactory::make_flow(dummy)"
2017/09/29;23:33:01.201;DEBUG;13221;0;NetworkFlowFactory::make_flow@31;"[../libsimitar/NetworkFlowFactory.cpp] Creating DummyFlow"
2017/09/29;23:33:01.201;DEBUG;13221;0;NetworkTrace::NetworkTrace@71;"[../libsimitar/NetworkTrace.cpp] Factoring flow[60]: NetworkFlowFactory::make_flow(dummy)"
2017/09/29;23:33:01.201;DEBUG;13221;0;NetworkFlowFactory::make_flow@31;"[../libsimitar/NetworkFlowFactory.cpp] Creating DummyFlow"
2017/09/29;23:33:01.201;DEBUG;13221;0;NetworkTrace::NetworkTrace@71;"[../libsimitar/NetworkTrace.cpp] Factoring flow[61]: NetworkFlowFactory::make_flow(dummy)"
2017/09/29;23:33:01.201;DEBUG;13221;0;NetworkFlowFactory::make_flow@31;"[../libsimitar/NetworkFlowFactory.cpp] Creating DummyFlow"
2017/09/29;23:33:01.201;DEBUG;13221;0;NetworkTrace::NetworkTrace@71;"[../libsimitar/NetworkTrace.cpp] Factoring flow[62]: NetworkFlowFactory::make_flow(dummy)"
2017/09/29;23:33:01.201;DEBUG;13221;0;NetworkFlowFactory::make_flow@31;"[../libsimitar/NetworkFlowFactory.cpp] Creating DummyFlow"
2017/09/29;23:33:01.201;DEBUG;13221;0;NetworkTrace::NetworkTrace@71;"[../libsimitar/NetworkTrace.cpp] Factoring flow[63]: NetworkFlowFactory::make_flow(dummy)"
2017/09/29;23:33:01.201;DEBUG;13221;0;NetworkFlowFactory::make_flow@31;"[../libsimitar/NetworkFlowFactory.cpp] Creating DummyFlow"
2017/09/29;23:33:01.201;DEBUG;13221;0;NetworkTrace::NetworkTrace@71;"[../libsimitar/NetworkTrace.cpp] Factoring flow[64]: NetworkFlowFactory::make_flow(dummy)"
2017/09/29;23:33:01.201;DEBUG;13221;0;NetworkFlowFactory::make_flow@31;"[../libsimitar/NetworkFlowFactory.cpp] Creating DummyFlow"
2017/09/29;23:33:01.201;DEBUG;13221;0;NetworkTrace::NetworkTrace@71;"[../libsimitar/NetworkTrace.cpp] Factoring flow[65]: NetworkFlowFactory::make_flow(dummy)"
2017/09/29;23:33:01.201;DEBUG;13221;0;NetworkFlowFactory::make_flow@31;"[../libsimitar/NetworkFlowFactory.cpp] Creating DummyFlow"
2017/09/29;23:33:01.201;DEBUG;13221;0;NetworkTrace::NetworkTrace@71;"[../libsimitar/NetworkTrace.cpp] Factoring flow[66]: NetworkFlowFactory::make_flow(dummy)"
2017/09/29;23:33:01.201;DEBUG;13221;0;NetworkFlowFactory::make_flow@31;"[../libsimitar/NetworkFlowFactory.cpp] Creating DummyFlow"
2017/09/29;23:33:01.201;DEBUG;13221;0;NetworkTrace::NetworkTrace@71;"[../libsimitar/NetworkTrace.cpp] Factoring flow[67]: NetworkFlowFactory::make_flow(dummy)"
2017/09/29;23:33:01.201;DEBUG;13221;0;NetworkFlowFactory::make_flow@31;"[../libsimitar/NetworkFlowFactory.cpp] Creating DummyFlow"
2017/09/29;23:33:01.201;DEBUG;13221;0;NetworkTrace::NetworkTrace@71;"[../libsimitar/NetworkTrace.cpp] Factoring flow[68]: NetworkFlowFactory::make_flow(dummy)"
2017/09/29;23:33:01.201;DEBUG;13221;0;NetworkFlowFactory::make_flow@31;"[../libsimitar/NetworkFlowFactory.cpp] Creating DummyFlow"
2017/09/29;23:33:01.202;DEBUG;13221;0;NetworkTrace::NetworkTrace@71;"[../libsimitar/NetworkTrace.cpp] Factoring flow[69]: NetworkFlowFactory::make_flow(dummy)"
2017/09/29;23:33:01.202;DEBUG;13221;0;NetworkFlowFactory::make_flow@31;"[../libsimitar/NetworkFlowFactory.cpp] Creating DummyFlow"
2017/09/29;23:33:01.202;DEBUG;13221;0;NetworkTrace::NetworkTrace@71;"[../libsimitar/NetworkTrace.cpp] Factoring flow[70]: NetworkFlowFactory::make_flow(dummy)"
2017/09/29;23:33:01.202;DEBUG;13221;0;NetworkFlowFactory::make_flow@31;"[../libsimitar/NetworkFlowFactory.cpp] Creating DummyFlow"
2017/09/29;23:33:01.202;DEBUG;13221;0;NetworkTrace::NetworkTrace@71;"[../libsimitar/NetworkTrace.cpp] Factoring flow[71]: NetworkFlowFactory::make_flow(dummy)"
2017/09/29;23:33:01.202;DEBUG;13221;0;NetworkFlowFactory::make_flow@31;"[../libsimitar/NetworkFlowFactory.cpp] Creating DummyFlow"
2017/09/29;23:33:01.202;DEBUG;13221;0;NetworkTrace::NetworkTrace@71;"[../libsimitar/NetworkTrace.cpp] Factoring flow[72]: NetworkFlowFactory::make_flow(dummy)"
2017/09/29;23:33:01.202;DEBUG;13221;0;NetworkFlowFactory::make_flow@31;"[../libsimitar/NetworkFlowFactory.cpp] Creating DummyFlow"
2017/09/29;23:33:01.202;DEBUG;13221;0;NetworkTrace::NetworkTrace@71;"[../libsimitar/NetworkTrace.cpp] Factoring flow[73]: NetworkFlowFactory::make_flow(dummy)"
2017/09/29;23:33:01.202;DEBUG;13221;0;NetworkFlowFactory::make_flow@31;"[../libsimitar/NetworkFlowFactory.cpp] Creating DummyFlow"
2017/09/29;23:33:01.202;DEBUG;13221;0;NetworkTrace::NetworkTrace@71;"[../libsimitar/NetworkTrace.cpp] Factoring flow[74]: NetworkFlowFactory::make_flow(dummy)"
2017/09/29;23:33:01.202;DEBUG;13221;0;NetworkFlowFactory::make_flow@31;"[../libsimitar/NetworkFlowFactory.cpp] Creating DummyFlow"
2017/09/29;23:33:01.202;DEBUG;13221;0;NetworkTrace::NetworkTrace@71;"[../libsimitar/NetworkTrace.cpp] Factoring flow[75]: NetworkFlowFactory::make_flow(dummy)"
2017/09/29;23:33:01.213;DEBUG;13221;0;NetworkFlowFactory::make_flow@31;"[../libsimitar/NetworkFlowFactory.cpp] Creating DummyFlow"
2017/09/29;23:33:01.213;DEBUG;13221;0;NetworkTrace::NetworkTrace@71;"[../libsimitar/NetworkTrace.cpp] Factoring flow[76]: NetworkFlowFactory::make_flow(dummy)"
2017/09/29;23:33:01.214;DEBUG;13221;0;NetworkFlowFactory::make_flow@31;"[../libsimitar/NetworkFlowFactory.cpp] Creating DummyFlow"
2017/09/29;23:33:01.214;DEBUG;13221;0;NetworkTrace::NetworkTrace@71;"[../libsimitar/NetworkTrace.cpp] Factoring flow[77]: NetworkFlowFactory::make_flow(dummy)"
2017/09/29;23:33:01.214;DEBUG;13221;0;NetworkFlowFactory::make_flow@31;"[../libsimitar/NetworkFlowFactory.cpp] Creating DummyFlow"
2017/09/29;23:33:01.214;DEBUG;13221;0;NetworkTrace::NetworkTrace@71;"[../libsimitar/NetworkTrace.cpp] Factoring flow[78]: NetworkFlowFactory::make_flow(dummy)"
2017/09/29;23:33:01.214;DEBUG;13221;0;NetworkFlowFactory::make_flow@31;"[../libsimitar/NetworkFlowFactory.cpp] Creating DummyFlow"
2017/09/29;23:33:01.214;DEBUG;13221;0;NetworkTrace::NetworkTrace@71;"[../libsimitar/NetworkTrace.cpp] Factoring flow[79]: NetworkFlowFactory::make_flow(dummy)"
2017/09/29;23:33:01.214;DEBUG;13221;0;NetworkFlowFactory::make_flow@31;"[../libsimitar/NetworkFlowFactory.cpp] Creating DummyFlow"
2017/09/29;23:33:01.214;DEBUG;13221;0;NetworkTrace::NetworkTrace@71;"[../libsimitar/NetworkTrace.cpp] Factoring flow[80]: NetworkFlowFactory::make_flow(dummy)"
2017/09/29;23:33:01.214;DEBUG;13221;0;NetworkFlowFactory::make_flow@31;"[../libsimitar/NetworkFlowFactory.cpp] Creating DummyFlow"
2017/09/29;23:33:01.215;DEBUG;13221;0;NetworkTrace::NetworkTrace@71;"[../libsimitar/NetworkTrace.cpp] Factoring flow[81]: NetworkFlowFactory::make_flow(dummy)"
2017/09/29;23:33:01.216;DEBUG;13221;0;NetworkFlowFactory::make_flow@31;"[../libsimitar/NetworkFlowFactory.cpp] Creating DummyFlow"
2017/09/29;23:33:01.216;DEBUG;13221;0;NetworkTrace::NetworkTrace@71;"[../libsimitar/NetworkTrace.cpp] Factoring flow[82]: NetworkFlowFactory::make_flow(dummy)"
2017/09/29;23:33:01.216;DEBUG;13221;0;NetworkFlowFactory::make_flow@31;"[../libsimitar/NetworkFlowFactory.cpp] Creating DummyFlow"
2017/09/29;23:33:01.216;DEBUG;13221;0;NetworkTrace::NetworkTrace@71;"[../libsimitar/NetworkTrace.cpp] Factoring flow[83]: NetworkFlowFactory::make_flow(dummy)"
2017/09/29;23:33:01.216;DEBUG;13221;0;NetworkFlowFactory::make_flow@31;"[../libsimitar/NetworkFlowFactory.cpp] Creating DummyFlow"
2017/09/29;23:33:01.216;DEBUG;13221;0;NetworkTrace::NetworkTrace@71;"[../libsimitar/NetworkTrace.cpp] Factoring flow[84]: NetworkFlowFactory::make_flow(dummy)"
2017/09/29;23:33:01.216;DEBUG;13221;0;NetworkFlowFactory::make_flow@31;"[../libsimitar/NetworkFlowFactory.cpp] Creating DummyFlow"
2017/09/29;23:33:01.216;DEBUG;13221;0;NetworkTrace::NetworkTrace@71;"[../libsimitar/NetworkTrace.cpp] Factoring flow[85]: NetworkFlowFactory::make_flow(dummy)"
2017/09/29;23:33:01.226;DEBUG;13221;0;NetworkFlowFactory::make_flow@31;"[../libsimitar/NetworkFlowFactory.cpp] Creating DummyFlow"
2017/09/29;23:33:01.226;DEBUG;13221;0;NetworkTrace::NetworkTrace@71;"[../libsimitar/NetworkTrace.cpp] Factoring flow[86]: NetworkFlowFactory::make_flow(dummy)"
2017/09/29;23:33:01.226;DEBUG;13221;0;NetworkFlowFactory::make_flow@31;"[../libsimitar/NetworkFlowFactory.cpp] Creating DummyFlow"
2017/09/29;23:33:01.226;DEBUG;13221;0;NetworkTrace::NetworkTrace@71;"[../libsimitar/NetworkTrace.cpp] Factoring flow[87]: NetworkFlowFactory::make_flow(dummy)"
2017/09/29;23:33:01.226;DEBUG;13221;0;NetworkFlowFactory::make_flow@31;"[../libsimitar/NetworkFlowFactory.cpp] Creating DummyFlow"
2017/09/29;23:33:01.226;DEBUG;13221;0;NetworkTrace::NetworkTrace@71;"[../libsimitar/NetworkTrace.cpp] Factoring flow[88]: NetworkFlowFactory::make_flow(dummy)"
2017/09/29;23:33:01.226;DEBUG;13221;0;NetworkFlowFactory::make_flow@31;"[../libsimitar/NetworkFlowFactory.cpp] Creating DummyFlow"
2017/09/29;23:33:01.226;DEBUG;13221;0;NetworkTrace::NetworkTrace@71;"[../libsimitar/NetworkTrace.cpp] Factoring flow[89]: NetworkFlowFactory::make_flow(dummy)"
2017/09/29;23:33:01.226;DEBUG;13221;0;NetworkFlowFactory::make_flow@31;"[../libsimitar/NetworkFlowFactory.cpp] Creating DummyFlow"
2017/09/29;23:33:01.226;DEBUG;13221;0;NetworkTrace::NetworkTrace@71;"[../libsimitar/NetworkTrace.cpp] Factoring flow[90]: NetworkFlowFactory::make_flow(dummy)"
2017/09/29;23:33:01.226;DEBUG;13221;0;NetworkFlowFactory::make_flow@31;"[../libsimitar/NetworkFlowFactory.cpp] Creating DummyFlow"
2017/09/29;23:33:01.226;DEBUG;13221;0;NetworkTrace::NetworkTrace@71;"[../libsimitar/NetworkTrace.cpp] Factoring flow[91]: NetworkFlowFactory::make_flow(dummy)"
2017/09/29;23:33:01.226;DEBUG;13221;0;NetworkFlowFactory::make_flow@31;"[../libsimitar/NetworkFlowFactory.cpp] Creating DummyFlow"
2017/09/29;23:33:01.226;DEBUG;13221;0;NetworkTrace::NetworkTrace@71;"[../libsimitar/NetworkTrace.cpp] Factoring flow[92]: NetworkFlowFactory::make_flow(dummy)"
2017/09/29;23:33:01.226;DEBUG;13221;0;NetworkFlowFactory::make_flow@31;"[../libsimitar/NetworkFlowFactory.cpp] Creating DummyFlow"
2017/09/29;23:33:01.226;DEBUG;13221;0;NetworkTrace::NetworkTrace@71;"[../libsimitar/NetworkTrace.cpp] Factoring flow[93]: NetworkFlowFactory::make_flow(dummy)"
2017/09/29;23:33:01.227;DEBUG;13221;0;NetworkFlowFactory::make_flow@31;"[../libsimitar/NetworkFlowFactory.cpp] Creating DummyFlow"
2017/09/29;23:33:01.227;DEBUG;13221;0;NetworkTrace::NetworkTrace@71;"[../libsimitar/NetworkTrace.cpp] Factoring flow[94]: NetworkFlowFactory::make_flow(dummy)"
2017/09/29;23:33:01.227;DEBUG;13221;0;NetworkFlowFactory::make_flow@31;"[../libsimitar/NetworkFlowFactory.cpp] Creating DummyFlow"
2017/09/29;23:33:01.227;DEBUG;13221;0;NetworkTrace::NetworkTrace@71;"[../libsimitar/NetworkTrace.cpp] Factoring flow[95]: NetworkFlowFactory::make_flow(dummy)"
2017/09/29;23:33:01.227;DEBUG;13221;0;NetworkFlowFactory::make_flow@31;"[../libsimitar/NetworkFlowFactory.cpp] Creating DummyFlow"
2017/09/29;23:33:01.227;DEBUG;13221;0;NetworkTrace::NetworkTrace@71;"[../libsimitar/NetworkTrace.cpp] Factoring flow[96]: NetworkFlowFactory::make_flow(dummy)"
2017/09/29;23:33:01.227;DEBUG;13221;0;NetworkFlowFactory::make_flow@31;"[../libsimitar/NetworkFlowFactory.cpp] Creating DummyFlow"
2017/09/29;23:33:01.227;DEBUG;13221;0;NetworkTrace::NetworkTrace@71;"[../libsimitar/NetworkTrace.cpp] Factoring flow[97]: NetworkFlowFactory::make_flow(dummy)"
2017/09/29;23:33:01.227;DEBUG;13221;0;NetworkFlowFactory::make_flow@31;"[../libsimitar/NetworkFlowFactory.cpp] Creating DummyFlow"
2017/09/29;23:33:01.227;DEBUG;13221;0;NetworkTrace::NetworkTrace@71;"[../libsimitar/NetworkTrace.cpp] Factoring flow[98]: NetworkFlowFactory::make_flow(dummy)"
2017/09/29;23:33:01.227;DEBUG;13221;0;NetworkFlowFactory::make_flow@31;"[../libsimitar/NetworkFlowFactory.cpp] Creating DummyFlow"
2017/09/29;23:33:01.227;DEBUG;13221;0;NetworkTrace::NetworkTrace@71;"[../libsimitar/NetworkTrace.cpp] Factoring flow[99]: NetworkFlowFactory::make_flow(dummy)"
2017/09/29;23:33:01.227;DEBUG;13221;0;NetworkFlowFactory::make_flow@31;"[../libsimitar/NetworkFlowFactory.cpp] Creating DummyFlow"
2017/09/29;23:33:01.227;DEBUG;13221;0;NetworkTrace::NetworkTrace@71;"[../libsimitar/NetworkTrace.cpp] Factoring flow[100]: NetworkFlowFactory::make_flow(dummy)"
2017/09/29;23:33:01.227;DEBUG;13221;0;NetworkFlowFactory::make_flow@31;"[../libsimitar/NetworkFlowFactory.cpp] Creating DummyFlow"
2017/09/29;23:33:01.227;DEBUG;13221;0;NetworkTrace::NetworkTrace@71;"[../libsimitar/NetworkTrace.cpp] Factoring flow[101]: NetworkFlowFactory::make_flow(dummy)"
2017/09/29;23:33:01.227;DEBUG;13221;0;NetworkFlowFactory::make_flow@31;"[../libsimitar/NetworkFlowFactory.cpp] Creating DummyFlow"
2017/09/29;23:33:01.227;DEBUG;13221;0;NetworkTrace::NetworkTrace@71;"[../libsimitar/NetworkTrace.cpp] Factoring flow[102]: NetworkFlowFactory::make_flow(dummy)"
2017/09/29;23:33:01.227;DEBUG;13221;0;NetworkFlowFactory::make_flow@31;"[../libsimitar/NetworkFlowFactory.cpp] Creating DummyFlow"
2017/09/29;23:33:01.228;DEBUG;13221;0;NetworkTrace::NetworkTrace@71;"[../libsimitar/NetworkTrace.cpp] Factoring flow[103]: NetworkFlowFactory::make_flow(dummy)"
2017/09/29;23:33:01.228;DEBUG;13221;0;NetworkFlowFactory::make_flow@31;"[../libsimitar/NetworkFlowFactory.cpp] Creating DummyFlow"
2017/09/29;23:33:01.228;DEBUG;13221;0;NetworkTrace::NetworkTrace@71;"[../libsimitar/NetworkTrace.cpp] Factoring flow[104]: NetworkFlowFactory::make_flow(dummy)"
2017/09/29;23:33:01.228;DEBUG;13221;0;NetworkFlowFactory::make_flow@31;"[../libsimitar/NetworkFlowFactory.cpp] Creating DummyFlow"
2017/09/29;23:33:01.228;DEBUG;13221;0;NetworkTrace::NetworkTrace@71;"[../libsimitar/NetworkTrace.cpp] Factoring flow[105]: NetworkFlowFactory::make_flow(dummy)"
2017/09/29;23:33:01.228;DEBUG;13221;0;NetworkFlowFactory::make_flow@31;"[../libsimitar/NetworkFlowFactory.cpp] Creating DummyFlow"
2017/09/29;23:33:01.228;DEBUG;13221;0;NetworkTrace::NetworkTrace@71;"[../libsimitar/NetworkTrace.cpp] Factoring flow[106]: NetworkFlowFactory::make_flow(dummy)"
2017/09/29;23:33:01.228;DEBUG;13221;0;NetworkFlowFactory::make_flow@31;"[../libsimitar/NetworkFlowFactory.cpp] Creating DummyFlow"
2017/09/29;23:33:01.228;DEBUG;13221;0;NetworkTrace::NetworkTrace@71;"[../libsimitar/NetworkTrace.cpp] Factoring flow[107]: NetworkFlowFactory::make_flow(dummy)"
2017/09/29;23:33:01.228;DEBUG;13221;0;NetworkFlowFactory::make_flow@31;"[../libsimitar/NetworkFlowFactory.cpp] Creating DummyFlow"
2017/09/29;23:33:01.228;DEBUG;13221;0;NetworkTrace::NetworkTrace@71;"[../libsimitar/NetworkTrace.cpp] Factoring flow[108]: NetworkFlowFactory::make_flow(dummy)"
2017/09/29;23:33:01.228;DEBUG;13221;0;NetworkFlowFactory::make_flow@31;"[../libsimitar/NetworkFlowFactory.cpp] Creating DummyFlow"
2017/09/29;23:33:01.228;DEBUG;13221;0;NetworkTrace::NetworkTrace@71;"[../libsimitar/NetworkTrace.cpp] Factoring flow[109]: NetworkFlowFactory::make_flow(dummy)"
2017/09/29;23:33:01.228;DEBUG;13221;0;NetworkFlowFactory::make_flow@31;"[../libsimitar/NetworkFlowFactory.cpp] Creating DummyFlow"
2017/09/29;23:33:01.228;DEBUG;13221;0;NetworkTrace::NetworkTrace@71;"[../libsimitar/NetworkTrace.cpp] Factoring flow[110]: NetworkFlowFactory::make_flow(dummy)"
2017/09/29;23:33:01.228;DEBUG;13221;0;NetworkFlowFactory::make_flow@31;"[../libsimitar/NetworkFlowFactory.cpp] Creating DummyFlow"
2017/09/29;23:33:01.228;DEBUG;13221;0;NetworkTrace::NetworkTrace@71;"[../libsimitar/NetworkTrace.cpp] Factoring flow[111]: NetworkFlowFactory::make_flow(dummy)"
2017/09/29;23:33:01.229;DEBUG;13221;0;NetworkFlowFactory::make_flow@31;"[../libsimitar/NetworkFlowFactory.cpp] Creating DummyFlow"
2017/09/29;23:33:01.229;DEBUG;13221;0;NetworkTrace::NetworkTrace@71;"[../libsimitar/NetworkTrace.cpp] Factoring flow[112]: NetworkFlowFactory::make_flow(dummy)"
2017/09/29;23:33:01.229;DEBUG;13221;0;NetworkFlowFactory::make_flow@31;"[../libsimitar/NetworkFlowFactory.cpp] Creating DummyFlow"
2017/09/29;23:33:01.229;DEBUG;13221;0;NetworkTrace::NetworkTrace@71;"[../libsimitar/NetworkTrace.cpp] Factoring flow[113]: NetworkFlowFactory::make_flow(dummy)"
2017/09/29;23:33:01.229;DEBUG;13221;0;NetworkFlowFactory::make_flow@31;"[../libsimitar/NetworkFlowFactory.cpp] Creating DummyFlow"
2017/09/29;23:33:01.229;DEBUG;13221;0;NetworkTrace::NetworkTrace@71;"[../libsimitar/NetworkTrace.cpp] Factoring flow[114]: NetworkFlowFactory::make_flow(dummy)"
2017/09/29;23:33:01.229;DEBUG;13221;0;NetworkFlowFactory::make_flow@31;"[../libsimitar/NetworkFlowFactory.cpp] Creating DummyFlow"
2017/09/29;23:33:01.229;DEBUG;13221;0;NetworkTrace::NetworkTrace@71;"[../libsimitar/NetworkTrace.cpp] Factoring flow[115]: NetworkFlowFactory::make_flow(dummy)"
2017/09/29;23:33:01.229;DEBUG;13221;0;NetworkFlowFactory::make_flow@31;"[../libsimitar/NetworkFlowFactory.cpp] Creating DummyFlow"
2017/09/29;23:33:01.229;DEBUG;13221;0;NetworkTrace::NetworkTrace@71;"[../libsimitar/NetworkTrace.cpp] Factoring flow[116]: NetworkFlowFactory::make_flow(dummy)"
2017/09/29;23:33:01.229;DEBUG;13221;0;NetworkFlowFactory::make_flow@31;"[../libsimitar/NetworkFlowFactory.cpp] Creating DummyFlow"
2017/09/29;23:33:01.229;DEBUG;13221;0;NetworkTrace::NetworkTrace@71;"[../libsimitar/NetworkTrace.cpp] Factoring flow[117]: NetworkFlowFactory::make_flow(dummy)"
2017/09/29;23:33:01.230;DEBUG;13221;0;NetworkFlowFactory::make_flow@31;"[../libsimitar/NetworkFlowFactory.cpp] Creating DummyFlow"
2017/09/29;23:33:01.230;DEBUG;13221;0;NetworkTrace::NetworkTrace@71;"[../libsimitar/NetworkTrace.cpp] Factoring flow[118]: NetworkFlowFactory::make_flow(dummy)"
2017/09/29;23:33:01.230;DEBUG;13221;0;NetworkFlowFactory::make_flow@31;"[../libsimitar/NetworkFlowFactory.cpp] Creating DummyFlow"
2017/09/29;23:33:01.230;DEBUG;13221;0;NetworkTrace::NetworkTrace@71;"[../libsimitar/NetworkTrace.cpp] Factoring flow[119]: NetworkFlowFactory::make_flow(dummy)"
2017/09/29;23:33:01.230;DEBUG;13221;0;NetworkFlowFactory::make_flow@31;"[../libsimitar/NetworkFlowFactory.cpp] Creating DummyFlow"
2017/09/29;23:33:01.230;DEBUG;13221;0;NetworkTrace::NetworkTrace@71;"[../libsimitar/NetworkTrace.cpp] Factoring flow[120]: NetworkFlowFactory::make_flow(dummy)"
2017/09/29;23:33:01.230;DEBUG;13221;0;NetworkFlowFactory::make_flow@31;"[../libsimitar/NetworkFlowFactory.cpp] Creating DummyFlow"
2017/09/29;23:33:01.230;DEBUG;13221;0;NetworkTrace::NetworkTrace@71;"[../libsimitar/NetworkTrace.cpp] Factoring flow[121]: NetworkFlowFactory::make_flow(dummy)"
2017/09/29;23:33:01.230;DEBUG;13221;0;NetworkFlowFactory::make_flow@31;"[../libsimitar/NetworkFlowFactory.cpp] Creating DummyFlow"
2017/09/29;23:33:01.230;DEBUG;13221;0;NetworkTrace::NetworkTrace@71;"[../libsimitar/NetworkTrace.cpp] Factoring flow[122]: NetworkFlowFactory::make_flow(dummy)"
2017/09/29;23:33:01.230;DEBUG;13221;0;NetworkFlowFactory::make_flow@31;"[../libsimitar/NetworkFlowFactory.cpp] Creating DummyFlow"
2017/09/29;23:33:01.230;DEBUG;13221;0;NetworkTrace::NetworkTrace@71;"[../libsimitar/NetworkTrace.cpp] Factoring flow[123]: NetworkFlowFactory::make_flow(dummy)"
2017/09/29;23:33:01.230;DEBUG;13221;0;NetworkFlowFactory::make_flow@31;"[../libsimitar/NetworkFlowFactory.cpp] Creating DummyFlow"
2017/09/29;23:33:01.230;DEBUG;13221;0;NetworkTrace::NetworkTrace@71;"[../libsimitar/NetworkTrace.cpp] Factoring flow[124]: NetworkFlowFactory::make_flow(dummy)"
2017/09/29;23:33:01.230;DEBUG;13221;0;NetworkFlowFactory::make_flow@31;"[../libsimitar/NetworkFlowFactory.cpp] Creating DummyFlow"
2017/09/29;23:33:01.230;DEBUG;13221;0;NetworkTrace::NetworkTrace@71;"[../libsimitar/NetworkTrace.cpp] Factoring flow[125]: NetworkFlowFactory::make_flow(dummy)"
2017/09/29;23:33:01.231;DEBUG;13221;0;NetworkFlowFactory::make_flow@31;"[../libsimitar/NetworkFlowFactory.cpp] Creating DummyFlow"
2017/09/29;23:33:01.231;DEBUG;13221;0;NetworkTrace::NetworkTrace@71;"[../libsimitar/NetworkTrace.cpp] Factoring flow[126]: NetworkFlowFactory::make_flow(dummy)"
2017/09/29;23:33:01.231;DEBUG;13221;0;NetworkFlowFactory::make_flow@31;"[../libsimitar/NetworkFlowFactory.cpp] Creating DummyFlow"
2017/09/29;23:33:01.231;DEBUG;13221;0;NetworkTrace::NetworkTrace@71;"[../libsimitar/NetworkTrace.cpp] Factoring flow[127]: NetworkFlowFactory::make_flow(dummy)"
2017/09/29;23:33:01.231;DEBUG;13221;0;NetworkFlowFactory::make_flow@31;"[../libsimitar/NetworkFlowFactory.cpp] Creating DummyFlow"
2017/09/29;23:33:01.231;DEBUG;13221;0;NetworkTrace::NetworkTrace@71;"[../libsimitar/NetworkTrace.cpp] Factoring flow[128]: NetworkFlowFactory::make_flow(dummy)"
2017/09/29;23:33:01.231;DEBUG;13221;0;NetworkFlowFactory::make_flow@31;"[../libsimitar/NetworkFlowFactory.cpp] Creating DummyFlow"
2017/09/29;23:33:01.231;DEBUG;13221;0;NetworkTrace::NetworkTrace@71;"[../libsimitar/NetworkTrace.cpp] Factoring flow[129]: NetworkFlowFactory::make_flow(dummy)"
2017/09/29;23:33:01.231;DEBUG;13221;0;NetworkFlowFactory::make_flow@31;"[../libsimitar/NetworkFlowFactory.cpp] Creating DummyFlow"
2017/09/29;23:33:01.231;DEBUG;13221;0;NetworkTrace::NetworkTrace@71;"[../libsimitar/NetworkTrace.cpp] Factoring flow[130]: NetworkFlowFactory::make_flow(dummy)"
2017/09/29;23:33:01.231;DEBUG;13221;0;NetworkFlowFactory::make_flow@31;"[../libsimitar/NetworkFlowFactory.cpp] Creating DummyFlow"
2017/09/29;23:33:01.231;DEBUG;13221;0;NetworkTrace::NetworkTrace@71;"[../libsimitar/NetworkTrace.cpp] Factoring flow[131]: NetworkFlowFactory::make_flow(dummy)"
2017/09/29;23:33:01.231;DEBUG;13221;0;NetworkFlowFactory::make_flow@31;"[../libsimitar/NetworkFlowFactory.cpp] Creating DummyFlow"
2017/09/29;23:33:01.231;DEBUG;13221;0;NetworkTrace::NetworkTrace@71;"[../libsimitar/NetworkTrace.cpp] Factoring flow[132]: NetworkFlowFactory::make_flow(dummy)"
2017/09/29;23:33:01.232;DEBUG;13221;0;NetworkFlowFactory::make_flow@31;"[../libsimitar/NetworkFlowFactory.cpp] Creating DummyFlow"
2017/09/29;23:33:01.232;DEBUG;13221;0;NetworkTrace::NetworkTrace@71;"[../libsimitar/NetworkTrace.cpp] Factoring flow[133]: NetworkFlowFactory::make_flow(dummy)"
2017/09/29;23:33:01.232;DEBUG;13221;0;NetworkFlowFactory::make_flow@31;"[../libsimitar/NetworkFlowFactory.cpp] Creating DummyFlow"
2017/09/29;23:33:01.232;DEBUG;13221;0;NetworkTrace::NetworkTrace@71;"[../libsimitar/NetworkTrace.cpp] Factoring flow[134]: NetworkFlowFactory::make_flow(dummy)"
2017/09/29;23:33:01.232;DEBUG;13221;0;NetworkFlowFactory::make_flow@31;"[../libsimitar/NetworkFlowFactory.cpp] Creating DummyFlow"
2017/09/29;23:33:01.232;DEBUG;13221;0;NetworkTrace::NetworkTrace@71;"[../libsimitar/NetworkTrace.cpp] Factoring flow[135]: NetworkFlowFactory::make_flow(dummy)"
2017/09/29;23:33:01.232;DEBUG;13221;0;NetworkFlowFactory::make_flow@31;"[../libsimitar/NetworkFlowFactory.cpp] Creating DummyFlow"
2017/09/29;23:33:01.232;DEBUG;13221;0;NetworkTrace::NetworkTrace@71;"[../libsimitar/NetworkTrace.cpp] Factoring flow[136]: NetworkFlowFactory::make_flow(dummy)"
2017/09/29;23:33:01.232;DEBUG;13221;0;NetworkFlowFactory::make_flow@31;"[../libsimitar/NetworkFlowFactory.cpp] Creating DummyFlow"
2017/09/29;23:33:01.232;DEBUG;13221;0;NetworkTrace::NetworkTrace@71;"[../libsimitar/NetworkTrace.cpp] Factoring flow[137]: NetworkFlowFactory::make_flow(dummy)"
2017/09/29;23:33:01.232;DEBUG;13221;0;NetworkFlowFactory::make_flow@31;"[../libsimitar/NetworkFlowFactory.cpp] Creating DummyFlow"
2017/09/29;23:33:01.232;DEBUG;13221;0;NetworkTrace::NetworkTrace@71;"[../libsimitar/NetworkTrace.cpp] Factoring flow[138]: NetworkFlowFactory::make_flow(dummy)"
2017/09/29;23:33:01.232;DEBUG;13221;0;NetworkFlowFactory::make_flow@31;"[../libsimitar/NetworkFlowFactory.cpp] Creating DummyFlow"
2017/09/29;23:33:01.232;DEBUG;13221;0;NetworkTrace::NetworkTrace@71;"[../libsimitar/NetworkTrace.cpp] Factoring flow[139]: NetworkFlowFactory::make_flow(dummy)"
2017/09/29;23:33:01.232;DEBUG;13221;0;NetworkFlowFactory::make_flow@31;"[../libsimitar/NetworkFlowFactory.cpp] Creating DummyFlow"
2017/09/29;23:33:01.232;DEBUG;13221;0;NetworkTrace::NetworkTrace@71;"[../libsimitar/NetworkTrace.cpp] Factoring flow[140]: NetworkFlowFactory::make_flow(dummy)"
2017/09/29;23:33:01.233;DEBUG;13221;0;NetworkFlowFactory::make_flow@31;"[../libsimitar/NetworkFlowFactory.cpp] Creating DummyFlow"
2017/09/29;23:33:01.233;DEBUG;13221;0;NetworkTrace::NetworkTrace@71;"[../libsimitar/NetworkTrace.cpp] Factoring flow[141]: NetworkFlowFactory::make_flow(dummy)"
2017/09/29;23:33:01.233;DEBUG;13221;0;NetworkFlowFactory::make_flow@31;"[../libsimitar/NetworkFlowFactory.cpp] Creating DummyFlow"
2017/09/29;23:33:01.233;DEBUG;13221;0;NetworkTrace::NetworkTrace@71;"[../libsimitar/NetworkTrace.cpp] Factoring flow[142]: NetworkFlowFactory::make_flow(dummy)"
2017/09/29;23:33:01.233;DEBUG;13221;0;NetworkFlowFactory::make_flow@31;"[../libsimitar/NetworkFlowFactory.cpp] Creating DummyFlow"
2017/09/29;23:33:01.233;DEBUG;13221;0;NetworkTrace::NetworkTrace@71;"[../libsimitar/NetworkTrace.cpp] Factoring flow[143]: NetworkFlowFactory::make_flow(dummy)"
2017/09/29;23:33:01.233;DEBUG;13221;0;NetworkFlowFactory::make_flow@31;"[../libsimitar/NetworkFlowFactory.cpp] Creating DummyFlow"
2017/09/29;23:33:01.233;DEBUG;13221;0;NetworkTrace::NetworkTrace@71;"[../libsimitar/NetworkTrace.cpp] Factoring flow[144]: NetworkFlowFactory::make_flow(dummy)"
2017/09/29;23:33:01.233;DEBUG;13221;0;NetworkFlowFactory::make_flow@31;"[../libsimitar/NetworkFlowFactory.cpp] Creating DummyFlow"
2017/09/29;23:33:01.233;DEBUG;13221;0;NetworkTrace::NetworkTrace@71;"[../libsimitar/NetworkTrace.cpp] Factoring flow[145]: NetworkFlowFactory::make_flow(dummy)"
2017/09/29;23:33:01.234;DEBUG;13221;0;NetworkFlowFactory::make_flow@31;"[../libsimitar/NetworkFlowFactory.cpp] Creating DummyFlow"
2017/09/29;23:33:01.234;DEBUG;13221;0;NetworkTrace::NetworkTrace@71;"[../libsimitar/NetworkTrace.cpp] Factoring flow[146]: NetworkFlowFactory::make_flow(dummy)"
2017/09/29;23:33:01.234;DEBUG;13221;0;NetworkFlowFactory::make_flow@31;"[../libsimitar/NetworkFlowFactory.cpp] Creating DummyFlow"
2017/09/29;23:33:01.234;DEBUG;13221;0;NetworkTrace::NetworkTrace@71;"[../libsimitar/NetworkTrace.cpp] Factoring flow[147]: NetworkFlowFactory::make_flow(dummy)"
2017/09/29;23:33:01.234;DEBUG;13221;0;NetworkFlowFactory::make_flow@31;"[../libsimitar/NetworkFlowFactory.cpp] Creating DummyFlow"
2017/09/29;23:33:01.234;DEBUG;13221;0;NetworkTrace::NetworkTrace@71;"[../libsimitar/NetworkTrace.cpp] Factoring flow[148]: NetworkFlowFactory::make_flow(dummy)"
2017/09/29;23:33:01.234;DEBUG;13221;0;NetworkFlowFactory::make_flow@31;"[../libsimitar/NetworkFlowFactory.cpp] Creating DummyFlow"
2017/09/29;23:33:01.234;DEBUG;13221;0;NetworkTrace::NetworkTrace@71;"[../libsimitar/NetworkTrace.cpp] Factoring flow[149]: NetworkFlowFactory::make_flow(dummy)"
2017/09/29;23:33:01.234;DEBUG;13221;0;NetworkFlowFactory::make_flow@31;"[../libsimitar/NetworkFlowFactory.cpp] Creating DummyFlow"
2017/09/29;23:33:01.234;DEBUG;13221;0;NetworkTrace::NetworkTrace@71;"[../libsimitar/NetworkTrace.cpp] Factoring flow[150]: NetworkFlowFactory::make_flow(dummy)"
2017/09/29;23:33:01.234;DEBUG;13221;0;NetworkFlowFactory::make_flow@31;"[../libsimitar/NetworkFlowFactory.cpp] Creating DummyFlow"
2017/09/29;23:33:01.234;DEBUG;13221;0;NetworkTrace::NetworkTrace@71;"[../libsimitar/NetworkTrace.cpp] Factoring flow[151]: NetworkFlowFactory::make_flow(dummy)"
2017/09/29;23:33:01.234;DEBUG;13221;0;NetworkFlowFactory::make_flow@31;"[../libsimitar/NetworkFlowFactory.cpp] Creating DummyFlow"
2017/09/29;23:33:01.234;DEBUG;13221;0;NetworkTrace::NetworkTrace@71;"[../libsimitar/NetworkTrace.cpp] Factoring flow[152]: NetworkFlowFactory::make_flow(dummy)"
2017/09/29;23:33:01.234;DEBUG;13221;0;NetworkFlowFactory::make_flow@31;"[../libsimitar/NetworkFlowFactory.cpp] Creating DummyFlow"
2017/09/29;23:33:01.234;DEBUG;13221;0;NetworkTrace::NetworkTrace@71;"[../libsimitar/NetworkTrace.cpp] Factoring flow[153]: NetworkFlowFactory::make_flow(dummy)"
2017/09/29;23:33:01.234;DEBUG;13221;0;NetworkFlowFactory::make_flow@31;"[../libsimitar/NetworkFlowFactory.cpp] Creating DummyFlow"
2017/09/29;23:33:01.234;DEBUG;13221;0;NetworkTrace::NetworkTrace@71;"[../libsimitar/NetworkTrace.cpp] Factoring flow[154]: NetworkFlowFactory::make_flow(dummy)"
2017/09/29;23:33:01.235;DEBUG;13221;0;NetworkFlowFactory::make_flow@31;"[../libsimitar/NetworkFlowFactory.cpp] Creating DummyFlow"
2017/09/29;23:33:01.235;DEBUG;13221;0;NetworkTrace::NetworkTrace@71;"[../libsimitar/NetworkTrace.cpp] Factoring flow[155]: NetworkFlowFactory::make_flow(dummy)"
2017/09/29;23:33:01.235;DEBUG;13221;0;NetworkFlowFactory::make_flow@31;"[../libsimitar/NetworkFlowFactory.cpp] Creating DummyFlow"
2017/09/29;23:33:01.235;DEBUG;13221;0;NetworkTrace::NetworkTrace@71;"[../libsimitar/NetworkTrace.cpp] Factoring flow[156]: NetworkFlowFactory::make_flow(dummy)"
2017/09/29;23:33:01.235;DEBUG;13221;0;NetworkFlowFactory::make_flow@31;"[../libsimitar/NetworkFlowFactory.cpp] Creating DummyFlow"
2017/09/29;23:33:01.235;DEBUG;13221;0;NetworkTrace::NetworkTrace@71;"[../libsimitar/NetworkTrace.cpp] Factoring flow[157]: NetworkFlowFactory::make_flow(dummy)"
2017/09/29;23:33:01.235;DEBUG;13221;0;NetworkFlowFactory::make_flow@31;"[../libsimitar/NetworkFlowFactory.cpp] Creating DummyFlow"
2017/09/29;23:33:01.235;DEBUG;13221;0;NetworkTrace::NetworkTrace@71;"[../libsimitar/NetworkTrace.cpp] Factoring flow[158]: NetworkFlowFactory::make_flow(dummy)"
2017/09/29;23:33:01.235;DEBUG;13221;0;NetworkFlowFactory::make_flow@31;"[../libsimitar/NetworkFlowFactory.cpp] Creating DummyFlow"
2017/09/29;23:33:01.235;DEBUG;13221;0;NetworkTrace::NetworkTrace@71;"[../libsimitar/NetworkTrace.cpp] Factoring flow[159]: NetworkFlowFactory::make_flow(dummy)"
2017/09/29;23:33:01.236;DEBUG;13221;0;NetworkFlowFactory::make_flow@31;"[../libsimitar/NetworkFlowFactory.cpp] Creating DummyFlow"
2017/09/29;23:33:01.236;DEBUG;13221;0;NetworkTrace::NetworkTrace@71;"[../libsimitar/NetworkTrace.cpp] Factoring flow[160]: NetworkFlowFactory::make_flow(dummy)"
2017/09/29;23:33:01.236;DEBUG;13221;0;NetworkFlowFactory::make_flow@31;"[../libsimitar/NetworkFlowFactory.cpp] Creating DummyFlow"
2017/09/29;23:33:01.236;DEBUG;13221;0;NetworkTrace::NetworkTrace@71;"[../libsimitar/NetworkTrace.cpp] Factoring flow[161]: NetworkFlowFactory::make_flow(dummy)"
2017/09/29;23:33:01.236;DEBUG;13221;0;NetworkFlowFactory::make_flow@31;"[../libsimitar/NetworkFlowFactory.cpp] Creating DummyFlow"
2017/09/29;23:33:01.236;DEBUG;13221;0;NetworkTrace::NetworkTrace@71;"[../libsimitar/NetworkTrace.cpp] Factoring flow[162]: NetworkFlowFactory::make_flow(dummy)"
2017/09/29;23:33:01.237;DEBUG;13221;0;NetworkFlowFactory::make_flow@31;"[../libsimitar/NetworkFlowFactory.cpp] Creating DummyFlow"
2017/09/29;23:33:01.237;DEBUG;13221;0;NetworkTrace::NetworkTrace@71;"[../libsimitar/NetworkTrace.cpp] Factoring flow[163]: NetworkFlowFactory::make_flow(dummy)"
2017/09/29;23:33:01.237;DEBUG;13221;0;NetworkFlowFactory::make_flow@31;"[../libsimitar/NetworkFlowFactory.cpp] Creating DummyFlow"
2017/09/29;23:33:01.237;DEBUG;13221;0;NetworkTrace::NetworkTrace@71;"[../libsimitar/NetworkTrace.cpp] Factoring flow[164]: NetworkFlowFactory::make_flow(dummy)"
2017/09/29;23:33:01.237;DEBUG;13221;0;NetworkFlowFactory::make_flow@31;"[../libsimitar/NetworkFlowFactory.cpp] Creating DummyFlow"
2017/09/29;23:33:01.237;DEBUG;13221;0;NetworkTrace::NetworkTrace@71;"[../libsimitar/NetworkTrace.cpp] Factoring flow[165]: NetworkFlowFactory::make_flow(dummy)"
2017/09/29;23:33:01.237;DEBUG;13221;0;NetworkFlowFactory::make_flow@31;"[../libsimitar/NetworkFlowFactory.cpp] Creating DummyFlow"
2017/09/29;23:33:01.238;DEBUG;13221;0;NetworkTrace::NetworkTrace@71;"[../libsimitar/NetworkTrace.cpp] Factoring flow[166]: NetworkFlowFactory::make_flow(dummy)"
2017/09/29;23:33:01.238;DEBUG;13221;0;NetworkFlowFactory::make_flow@31;"[../libsimitar/NetworkFlowFactory.cpp] Creating DummyFlow"
2017/09/29;23:33:01.238;DEBUG;13221;0;NetworkTrace::NetworkTrace@71;"[../libsimitar/NetworkTrace.cpp] Factoring flow[167]: NetworkFlowFactory::make_flow(dummy)"
2017/09/29;23:33:01.238;DEBUG;13221;0;NetworkTrace::NetworkTrace@273;"[../libsimitar/NetworkTrace.cpp] NetworkTrace.getNumberOfFlows() = 168"
2017/09/29;23:33:01.238;DEBUG;13221;0;main@100;"[../../apps/dummy-flow/src/dummy-flow.cpp]  execution of traceCdt.exec()"
2017/09/29;23:33:01.238;DEBUG;13221;0;NetworkTrace::exec@825;"[../libsimitar/NetworkTrace.cpp] NetworkTrace::exec() >> this->getNumberOfFlows():168"
2017/09/30;00:02:53.516;DEBUG;14991;0;NetworkTrace::NetworkTrace@18;"[../libsimitar/NetworkTrace.cpp] NetworkTrace() constructor => args fileName:../../data/xml/skype.sec.xml, trafficGenEngine:dummy"
2017/09/30;00:02:53.640;DEBUG;14991;0;NetworkTrace::NetworkTrace@71;"[../libsimitar/NetworkTrace.cpp] Factoring flow[0]: NetworkFlowFactory::make_flow(dummy)"
2017/09/30;00:02:53.640;DEBUG;14991;0;NetworkTrace::NetworkTrace@71;"[../libsimitar/NetworkTrace.cpp] Factoring flow[1]: NetworkFlowFactory::make_flow(dummy)"
2017/09/30;00:02:53.640;DEBUG;14991;0;NetworkTrace::NetworkTrace@71;"[../libsimitar/NetworkTrace.cpp] Factoring flow[2]: NetworkFlowFactory::make_flow(dummy)"
2017/09/30;00:02:53.640;DEBUG;14991;0;NetworkTrace::NetworkTrace@71;"[../libsimitar/NetworkTrace.cpp] Factoring flow[3]: NetworkFlowFactory::make_flow(dummy)"
2017/09/30;00:02:53.641;DEBUG;14991;0;NetworkTrace::NetworkTrace@71;"[../libsimitar/NetworkTrace.cpp] Factoring flow[4]: NetworkFlowFactory::make_flow(dummy)"
2017/09/30;00:02:53.641;DEBUG;14991;0;NetworkTrace::NetworkTrace@71;"[../libsimitar/NetworkTrace.cpp] Factoring flow[5]: NetworkFlowFactory::make_flow(dummy)"
2017/09/30;00:02:53.641;DEBUG;14991;0;NetworkTrace::NetworkTrace@71;"[../libsimitar/NetworkTrace.cpp] Factoring flow[6]: NetworkFlowFactory::make_flow(dummy)"
2017/09/30;00:02:53.641;DEBUG;14991;0;NetworkTrace::NetworkTrace@71;"[../libsimitar/NetworkTrace.cpp] Factoring flow[7]: NetworkFlowFactory::make_flow(dummy)"
2017/09/30;00:02:53.641;DEBUG;14991;0;NetworkTrace::NetworkTrace@71;"[../libsimitar/NetworkTrace.cpp] Factoring flow[8]: NetworkFlowFactory::make_flow(dummy)"
2017/09/30;00:02:53.641;DEBUG;14991;0;NetworkTrace::NetworkTrace@71;"[../libsimitar/NetworkTrace.cpp] Factoring flow[9]: NetworkFlowFactory::make_flow(dummy)"
2017/09/30;00:02:53.641;DEBUG;14991;0;NetworkTrace::NetworkTrace@71;"[../libsimitar/NetworkTrace.cpp] Factoring flow[10]: NetworkFlowFactory::make_flow(dummy)"
2017/09/30;00:02:53.641;DEBUG;14991;0;NetworkTrace::NetworkTrace@71;"[../libsimitar/NetworkTrace.cpp] Factoring flow[11]: NetworkFlowFactory::make_flow(dummy)"
2017/09/30;00:02:53.641;DEBUG;14991;0;NetworkTrace::NetworkTrace@71;"[../libsimitar/NetworkTrace.cpp] Factoring flow[12]: NetworkFlowFactory::make_flow(dummy)"
2017/09/30;00:02:53.642;DEBUG;14991;0;NetworkTrace::NetworkTrace@71;"[../libsimitar/NetworkTrace.cpp] Factoring flow[13]: NetworkFlowFactory::make_flow(dummy)"
2017/09/30;00:02:53.642;DEBUG;14991;0;NetworkTrace::NetworkTrace@71;"[../libsimitar/NetworkTrace.cpp] Factoring flow[14]: NetworkFlowFactory::make_flow(dummy)"
2017/09/30;00:02:53.642;DEBUG;14991;0;NetworkTrace::NetworkTrace@71;"[../libsimitar/NetworkTrace.cpp] Factoring flow[15]: NetworkFlowFactory::make_flow(dummy)"
2017/09/30;00:02:53.642;DEBUG;14991;0;NetworkTrace::NetworkTrace@71;"[../libsimitar/NetworkTrace.cpp] Factoring flow[16]: NetworkFlowFactory::make_flow(dummy)"
2017/09/30;00:02:53.642;DEBUG;14991;0;NetworkTrace::NetworkTrace@71;"[../libsimitar/NetworkTrace.cpp] Factoring flow[17]: NetworkFlowFactory::make_flow(dummy)"
2017/09/30;00:02:53.642;DEBUG;14991;0;NetworkTrace::NetworkTrace@71;"[../libsimitar/NetworkTrace.cpp] Factoring flow[18]: NetworkFlowFactory::make_flow(dummy)"
2017/09/30;00:02:53.642;DEBUG;14991;0;NetworkTrace::NetworkTrace@71;"[../libsimitar/NetworkTrace.cpp] Factoring flow[19]: NetworkFlowFactory::make_flow(dummy)"
2017/09/30;00:02:53.642;DEBUG;14991;0;NetworkTrace::NetworkTrace@71;"[../libsimitar/NetworkTrace.cpp] Factoring flow[20]: NetworkFlowFactory::make_flow(dummy)"
2017/09/30;00:02:53.642;DEBUG;14991;0;NetworkTrace::NetworkTrace@71;"[../libsimitar/NetworkTrace.cpp] Factoring flow[21]: NetworkFlowFactory::make_flow(dummy)"
2017/09/30;00:02:53.642;DEBUG;14991;0;NetworkTrace::NetworkTrace@71;"[../libsimitar/NetworkTrace.cpp] Factoring flow[22]: NetworkFlowFactory::make_flow(dummy)"
2017/09/30;00:02:53.642;DEBUG;14991;0;NetworkTrace::NetworkTrace@71;"[../libsimitar/NetworkTrace.cpp] Factoring flow[23]: NetworkFlowFactory::make_flow(dummy)"
2017/09/30;00:02:53.643;DEBUG;14991;0;NetworkTrace::NetworkTrace@71;"[../libsimitar/NetworkTrace.cpp] Factoring flow[24]: NetworkFlowFactory::make_flow(dummy)"
2017/09/30;00:02:53.643;DEBUG;14991;0;NetworkTrace::NetworkTrace@71;"[../libsimitar/NetworkTrace.cpp] Factoring flow[25]: NetworkFlowFactory::make_flow(dummy)"
2017/09/30;00:02:53.643;DEBUG;14991;0;NetworkTrace::NetworkTrace@71;"[../libsimitar/NetworkTrace.cpp] Factoring flow[26]: NetworkFlowFactory::make_flow(dummy)"
2017/09/30;00:02:53.643;DEBUG;14991;0;NetworkTrace::NetworkTrace@71;"[../libsimitar/NetworkTrace.cpp] Factoring flow[27]: NetworkFlowFactory::make_flow(dummy)"
2017/09/30;00:02:53.643;DEBUG;14991;0;NetworkTrace::NetworkTrace@71;"[../libsimitar/NetworkTrace.cpp] Factoring flow[28]: NetworkFlowFactory::make_flow(dummy)"
2017/09/30;00:02:53.643;DEBUG;14991;0;NetworkTrace::NetworkTrace@71;"[../libsimitar/NetworkTrace.cpp] Factoring flow[29]: NetworkFlowFactory::make_flow(dummy)"
2017/09/30;00:02:53.643;DEBUG;14991;0;NetworkTrace::NetworkTrace@71;"[../libsimitar/NetworkTrace.cpp] Factoring flow[30]: NetworkFlowFactory::make_flow(dummy)"
2017/09/30;00:02:53.643;DEBUG;14991;0;NetworkTrace::NetworkTrace@71;"[../libsimitar/NetworkTrace.cpp] Factoring flow[31]: NetworkFlowFactory::make_flow(dummy)"
2017/09/30;00:02:53.643;DEBUG;14991;0;NetworkTrace::NetworkTrace@71;"[../libsimitar/NetworkTrace.cpp] Factoring flow[32]: NetworkFlowFactory::make_flow(dummy)"
2017/09/30;00:02:53.643;DEBUG;14991;0;NetworkTrace::NetworkTrace@71;"[../libsimitar/NetworkTrace.cpp] Factoring flow[33]: NetworkFlowFactory::make_flow(dummy)"
2017/09/30;00:02:53.643;DEBUG;14991;0;NetworkTrace::NetworkTrace@71;"[../libsimitar/NetworkTrace.cpp] Factoring flow[34]: NetworkFlowFactory::make_flow(dummy)"
2017/09/30;00:02:53.644;DEBUG;14991;0;NetworkTrace::NetworkTrace@71;"[../libsimitar/NetworkTrace.cpp] Factoring flow[35]: NetworkFlowFactory::make_flow(dummy)"
2017/09/30;00:02:53.644;DEBUG;14991;0;NetworkTrace::NetworkTrace@71;"[../libsimitar/NetworkTrace.cpp] Factoring flow[36]: NetworkFlowFactory::make_flow(dummy)"
2017/09/30;00:02:53.644;DEBUG;14991;0;NetworkTrace::NetworkTrace@71;"[../libsimitar/NetworkTrace.cpp] Factoring flow[37]: NetworkFlowFactory::make_flow(dummy)"
2017/09/30;00:02:53.644;DEBUG;14991;0;NetworkTrace::NetworkTrace@71;"[../libsimitar/NetworkTrace.cpp] Factoring flow[38]: NetworkFlowFactory::make_flow(dummy)"
2017/09/30;00:02:53.644;DEBUG;14991;0;NetworkTrace::NetworkTrace@71;"[../libsimitar/NetworkTrace.cpp] Factoring flow[39]: NetworkFlowFactory::make_flow(dummy)"
2017/09/30;00:02:53.644;DEBUG;14991;0;NetworkTrace::NetworkTrace@71;"[../libsimitar/NetworkTrace.cpp] Factoring flow[40]: NetworkFlowFactory::make_flow(dummy)"
2017/09/30;00:02:53.644;DEBUG;14991;0;NetworkTrace::NetworkTrace@71;"[../libsimitar/NetworkTrace.cpp] Factoring flow[41]: NetworkFlowFactory::make_flow(dummy)"
2017/09/30;00:02:53.644;DEBUG;14991;0;NetworkTrace::NetworkTrace@71;"[../libsimitar/NetworkTrace.cpp] Factoring flow[42]: NetworkFlowFactory::make_flow(dummy)"
2017/09/30;00:02:53.644;DEBUG;14991;0;NetworkTrace::NetworkTrace@71;"[../libsimitar/NetworkTrace.cpp] Factoring flow[43]: NetworkFlowFactory::make_flow(dummy)"
2017/09/30;00:02:53.645;DEBUG;14991;0;NetworkTrace::NetworkTrace@71;"[../libsimitar/NetworkTrace.cpp] Factoring flow[44]: NetworkFlowFactory::make_flow(dummy)"
2017/09/30;00:02:53.645;DEBUG;14991;0;NetworkTrace::NetworkTrace@71;"[../libsimitar/NetworkTrace.cpp] Factoring flow[45]: NetworkFlowFactory::make_flow(dummy)"
2017/09/30;00:02:53.645;DEBUG;14991;0;NetworkTrace::NetworkTrace@71;"[../libsimitar/NetworkTrace.cpp] Factoring flow[46]: NetworkFlowFactory::make_flow(dummy)"
2017/09/30;00:02:53.645;DEBUG;14991;0;NetworkTrace::NetworkTrace@71;"[../libsimitar/NetworkTrace.cpp] Factoring flow[47]: NetworkFlowFactory::make_flow(dummy)"
2017/09/30;00:02:53.645;DEBUG;14991;0;NetworkTrace::NetworkTrace@71;"[../libsimitar/NetworkTrace.cpp] Factoring flow[48]: NetworkFlowFactory::make_flow(dummy)"
2017/09/30;00:02:53.645;DEBUG;14991;0;NetworkTrace::NetworkTrace@71;"[../libsimitar/NetworkTrace.cpp] Factoring flow[49]: NetworkFlowFactory::make_flow(dummy)"
2017/09/30;00:02:53.645;DEBUG;14991;0;NetworkTrace::NetworkTrace@71;"[../libsimitar/NetworkTrace.cpp] Factoring flow[50]: NetworkFlowFactory::make_flow(dummy)"
2017/09/30;00:02:53.645;DEBUG;14991;0;NetworkTrace::NetworkTrace@71;"[../libsimitar/NetworkTrace.cpp] Factoring flow[51]: NetworkFlowFactory::make_flow(dummy)"
2017/09/30;00:02:53.645;DEBUG;14991;0;NetworkTrace::NetworkTrace@71;"[../libsimitar/NetworkTrace.cpp] Factoring flow[52]: NetworkFlowFactory::make_flow(dummy)"
2017/09/30;00:02:53.645;DEBUG;14991;0;NetworkTrace::NetworkTrace@71;"[../libsimitar/NetworkTrace.cpp] Factoring flow[53]: NetworkFlowFactory::make_flow(dummy)"
2017/09/30;00:02:53.645;DEBUG;14991;0;NetworkTrace::NetworkTrace@71;"[../libsimitar/NetworkTrace.cpp] Factoring flow[54]: NetworkFlowFactory::make_flow(dummy)"
2017/09/30;00:02:53.646;DEBUG;14991;0;NetworkTrace::NetworkTrace@71;"[../libsimitar/NetworkTrace.cpp] Factoring flow[55]: NetworkFlowFactory::make_flow(dummy)"
2017/09/30;00:02:53.646;DEBUG;14991;0;NetworkTrace::NetworkTrace@71;"[../libsimitar/NetworkTrace.cpp] Factoring flow[56]: NetworkFlowFactory::make_flow(dummy)"
2017/09/30;00:02:53.646;DEBUG;14991;0;NetworkTrace::NetworkTrace@71;"[../libsimitar/NetworkTrace.cpp] Factoring flow[57]: NetworkFlowFactory::make_flow(dummy)"
2017/09/30;00:02:53.646;DEBUG;14991;0;NetworkTrace::NetworkTrace@71;"[../libsimitar/NetworkTrace.cpp] Factoring flow[58]: NetworkFlowFactory::make_flow(dummy)"
2017/09/30;00:02:53.646;DEBUG;14991;0;NetworkTrace::NetworkTrace@71;"[../libsimitar/NetworkTrace.cpp] Factoring flow[59]: NetworkFlowFactory::make_flow(dummy)"
2017/09/30;00:02:53.646;DEBUG;14991;0;NetworkTrace::NetworkTrace@71;"[../libsimitar/NetworkTrace.cpp] Factoring flow[60]: NetworkFlowFactory::make_flow(dummy)"
2017/09/30;00:02:53.646;DEBUG;14991;0;NetworkTrace::NetworkTrace@71;"[../libsimitar/NetworkTrace.cpp] Factoring flow[61]: NetworkFlowFactory::make_flow(dummy)"
2017/09/30;00:02:53.646;DEBUG;14991;0;NetworkTrace::NetworkTrace@71;"[../libsimitar/NetworkTrace.cpp] Factoring flow[62]: NetworkFlowFactory::make_flow(dummy)"
2017/09/30;00:02:53.646;DEBUG;14991;0;NetworkTrace::NetworkTrace@71;"[../libsimitar/NetworkTrace.cpp] Factoring flow[63]: NetworkFlowFactory::make_flow(dummy)"
2017/09/30;00:02:53.646;DEBUG;14991;0;NetworkTrace::NetworkTrace@71;"[../libsimitar/NetworkTrace.cpp] Factoring flow[64]: NetworkFlowFactory::make_flow(dummy)"
2017/09/30;00:02:53.646;DEBUG;14991;0;NetworkTrace::NetworkTrace@71;"[../libsimitar/NetworkTrace.cpp] Factoring flow[65]: NetworkFlowFactory::make_flow(dummy)"
2017/09/30;00:02:53.646;DEBUG;14991;0;NetworkTrace::NetworkTrace@71;"[../libsimitar/NetworkTrace.cpp] Factoring flow[66]: NetworkFlowFactory::make_flow(dummy)"
2017/09/30;00:02:53.647;DEBUG;14991;0;NetworkTrace::NetworkTrace@71;"[../libsimitar/NetworkTrace.cpp] Factoring flow[67]: NetworkFlowFactory::make_flow(dummy)"
2017/09/30;00:02:53.647;DEBUG;14991;0;NetworkTrace::NetworkTrace@71;"[../libsimitar/NetworkTrace.cpp] Factoring flow[68]: NetworkFlowFactory::make_flow(dummy)"
2017/09/30;00:02:53.647;DEBUG;14991;0;NetworkTrace::NetworkTrace@71;"[../libsimitar/NetworkTrace.cpp] Factoring flow[69]: NetworkFlowFactory::make_flow(dummy)"
2017/09/30;00:02:53.647;DEBUG;14991;0;NetworkTrace::NetworkTrace@71;"[../libsimitar/NetworkTrace.cpp] Factoring flow[70]: NetworkFlowFactory::make_flow(dummy)"
2017/09/30;00:02:53.647;DEBUG;14991;0;NetworkTrace::NetworkTrace@71;"[../libsimitar/NetworkTrace.cpp] Factoring flow[71]: NetworkFlowFactory::make_flow(dummy)"
2017/09/30;00:02:53.647;DEBUG;14991;0;NetworkTrace::NetworkTrace@71;"[../libsimitar/NetworkTrace.cpp] Factoring flow[72]: NetworkFlowFactory::make_flow(dummy)"
2017/09/30;00:02:53.647;DEBUG;14991;0;NetworkTrace::NetworkTrace@71;"[../libsimitar/NetworkTrace.cpp] Factoring flow[73]: NetworkFlowFactory::make_flow(dummy)"
2017/09/30;00:02:53.647;DEBUG;14991;0;NetworkTrace::NetworkTrace@71;"[../libsimitar/NetworkTrace.cpp] Factoring flow[74]: NetworkFlowFactory::make_flow(dummy)"
2017/09/30;00:02:53.647;DEBUG;14991;0;NetworkTrace::NetworkTrace@71;"[../libsimitar/NetworkTrace.cpp] Factoring flow[75]: NetworkFlowFactory::make_flow(dummy)"
2017/09/30;00:02:53.647;DEBUG;14991;0;NetworkTrace::NetworkTrace@71;"[../libsimitar/NetworkTrace.cpp] Factoring flow[76]: NetworkFlowFactory::make_flow(dummy)"
2017/09/30;00:02:53.647;DEBUG;14991;0;NetworkTrace::NetworkTrace@71;"[../libsimitar/NetworkTrace.cpp] Factoring flow[77]: NetworkFlowFactory::make_flow(dummy)"
2017/09/30;00:02:53.648;DEBUG;14991;0;NetworkTrace::NetworkTrace@71;"[../libsimitar/NetworkTrace.cpp] Factoring flow[78]: NetworkFlowFactory::make_flow(dummy)"
2017/09/30;00:02:53.648;DEBUG;14991;0;NetworkTrace::NetworkTrace@71;"[../libsimitar/NetworkTrace.cpp] Factoring flow[79]: NetworkFlowFactory::make_flow(dummy)"
2017/09/30;00:02:53.648;DEBUG;14991;0;NetworkTrace::NetworkTrace@71;"[../libsimitar/NetworkTrace.cpp] Factoring flow[80]: NetworkFlowFactory::make_flow(dummy)"
2017/09/30;00:02:53.648;DEBUG;14991;0;NetworkTrace::NetworkTrace@71;"[../libsimitar/NetworkTrace.cpp] Factoring flow[81]: NetworkFlowFactory::make_flow(dummy)"
2017/09/30;00:02:53.648;DEBUG;14991;0;NetworkTrace::NetworkTrace@71;"[../libsimitar/NetworkTrace.cpp] Factoring flow[82]: NetworkFlowFactory::make_flow(dummy)"
2017/09/30;00:02:53.648;DEBUG;14991;0;NetworkTrace::NetworkTrace@71;"[../libsimitar/NetworkTrace.cpp] Factoring flow[83]: NetworkFlowFactory::make_flow(dummy)"
2017/09/30;00:02:53.648;DEBUG;14991;0;NetworkTrace::NetworkTrace@71;"[../libsimitar/NetworkTrace.cpp] Factoring flow[84]: NetworkFlowFactory::make_flow(dummy)"
2017/09/30;00:02:53.648;DEBUG;14991;0;NetworkTrace::NetworkTrace@71;"[../libsimitar/NetworkTrace.cpp] Factoring flow[85]: NetworkFlowFactory::make_flow(dummy)"
2017/09/30;00:02:53.648;DEBUG;14991;0;NetworkTrace::NetworkTrace@71;"[../libsimitar/NetworkTrace.cpp] Factoring flow[86]: NetworkFlowFactory::make_flow(dummy)"
2017/09/30;00:02:53.648;DEBUG;14991;0;NetworkTrace::NetworkTrace@71;"[../libsimitar/NetworkTrace.cpp] Factoring flow[87]: NetworkFlowFactory::make_flow(dummy)"
2017/09/30;00:02:53.648;DEBUG;14991;0;NetworkTrace::NetworkTrace@71;"[../libsimitar/NetworkTrace.cpp] Factoring flow[88]: NetworkFlowFactory::make_flow(dummy)"
2017/09/30;00:02:53.648;DEBUG;14991;0;NetworkTrace::NetworkTrace@71;"[../libsimitar/NetworkTrace.cpp] Factoring flow[89]: NetworkFlowFactory::make_flow(dummy)"
2017/09/30;00:02:53.649;DEBUG;14991;0;NetworkTrace::NetworkTrace@71;"[../libsimitar/NetworkTrace.cpp] Factoring flow[90]: NetworkFlowFactory::make_flow(dummy)"
2017/09/30;00:02:53.649;DEBUG;14991;0;NetworkTrace::NetworkTrace@71;"[../libsimitar/NetworkTrace.cpp] Factoring flow[91]: NetworkFlowFactory::make_flow(dummy)"
2017/09/30;00:02:53.649;DEBUG;14991;0;NetworkTrace::NetworkTrace@71;"[../libsimitar/NetworkTrace.cpp] Factoring flow[92]: NetworkFlowFactory::make_flow(dummy)"
2017/09/30;00:02:53.649;DEBUG;14991;0;NetworkTrace::NetworkTrace@71;"[../libsimitar/NetworkTrace.cpp] Factoring flow[93]: NetworkFlowFactory::make_flow(dummy)"
2017/09/30;00:02:53.649;DEBUG;14991;0;NetworkTrace::NetworkTrace@71;"[../libsimitar/NetworkTrace.cpp] Factoring flow[94]: NetworkFlowFactory::make_flow(dummy)"
2017/09/30;00:02:53.649;DEBUG;14991;0;NetworkTrace::NetworkTrace@71;"[../libsimitar/NetworkTrace.cpp] Factoring flow[95]: NetworkFlowFactory::make_flow(dummy)"
2017/09/30;00:02:53.649;DEBUG;14991;0;NetworkTrace::NetworkTrace@71;"[../libsimitar/NetworkTrace.cpp] Factoring flow[96]: NetworkFlowFactory::make_flow(dummy)"
2017/09/30;00:02:53.649;DEBUG;14991;0;NetworkTrace::NetworkTrace@71;"[../libsimitar/NetworkTrace.cpp] Factoring flow[97]: NetworkFlowFactory::make_flow(dummy)"
2017/09/30;00:02:53.649;DEBUG;14991;0;NetworkTrace::NetworkTrace@71;"[../libsimitar/NetworkTrace.cpp] Factoring flow[98]: NetworkFlowFactory::make_flow(dummy)"
2017/09/30;00:02:53.649;DEBUG;14991;0;NetworkTrace::NetworkTrace@71;"[../libsimitar/NetworkTrace.cpp] Factoring flow[99]: NetworkFlowFactory::make_flow(dummy)"
2017/09/30;00:02:53.649;DEBUG;14991;0;NetworkTrace::NetworkTrace@71;"[../libsimitar/NetworkTrace.cpp] Factoring flow[100]: NetworkFlowFactory::make_flow(dummy)"
2017/09/30;00:02:53.649;DEBUG;14991;0;NetworkTrace::NetworkTrace@71;"[../libsimitar/NetworkTrace.cpp] Factoring flow[101]: NetworkFlowFactory::make_flow(dummy)"
2017/09/30;00:02:53.650;DEBUG;14991;0;NetworkTrace::NetworkTrace@71;"[../libsimitar/NetworkTrace.cpp] Factoring flow[102]: NetworkFlowFactory::make_flow(dummy)"
2017/09/30;00:02:53.650;DEBUG;14991;0;NetworkTrace::NetworkTrace@71;"[../libsimitar/NetworkTrace.cpp] Factoring flow[103]: NetworkFlowFactory::make_flow(dummy)"
2017/09/30;00:02:53.650;DEBUG;14991;0;NetworkTrace::NetworkTrace@71;"[../libsimitar/NetworkTrace.cpp] Factoring flow[104]: NetworkFlowFactory::make_flow(dummy)"
2017/09/30;00:02:53.650;DEBUG;14991;0;NetworkTrace::NetworkTrace@71;"[../libsimitar/NetworkTrace.cpp] Factoring flow[105]: NetworkFlowFactory::make_flow(dummy)"
2017/09/30;00:02:53.650;DEBUG;14991;0;NetworkTrace::NetworkTrace@71;"[../libsimitar/NetworkTrace.cpp] Factoring flow[106]: NetworkFlowFactory::make_flow(dummy)"
2017/09/30;00:02:53.650;DEBUG;14991;0;NetworkTrace::NetworkTrace@71;"[../libsimitar/NetworkTrace.cpp] Factoring flow[107]: NetworkFlowFactory::make_flow(dummy)"
2017/09/30;00:02:53.650;DEBUG;14991;0;NetworkTrace::NetworkTrace@71;"[../libsimitar/NetworkTrace.cpp] Factoring flow[108]: NetworkFlowFactory::make_flow(dummy)"
2017/09/30;00:02:53.650;DEBUG;14991;0;NetworkTrace::NetworkTrace@71;"[../libsimitar/NetworkTrace.cpp] Factoring flow[109]: NetworkFlowFactory::make_flow(dummy)"
2017/09/30;00:02:53.650;DEBUG;14991;0;NetworkTrace::NetworkTrace@71;"[../libsimitar/NetworkTrace.cpp] Factoring flow[110]: NetworkFlowFactory::make_flow(dummy)"
2017/09/30;00:02:53.650;DEBUG;14991;0;NetworkTrace::NetworkTrace@71;"[../libsimitar/NetworkTrace.cpp] Factoring flow[111]: NetworkFlowFactory::make_flow(dummy)"
2017/09/30;00:02:53.650;DEBUG;14991;0;NetworkTrace::NetworkTrace@71;"[../libsimitar/NetworkTrace.cpp] Factoring flow[112]: NetworkFlowFactory::make_flow(dummy)"
2017/09/30;00:02:53.650;DEBUG;14991;0;NetworkTrace::NetworkTrace@71;"[../libsimitar/NetworkTrace.cpp] Factoring flow[113]: NetworkFlowFactory::make_flow(dummy)"
2017/09/30;00:02:53.651;DEBUG;14991;0;NetworkTrace::NetworkTrace@71;"[../libsimitar/NetworkTrace.cpp] Factoring flow[114]: NetworkFlowFactory::make_flow(dummy)"
2017/09/30;00:02:53.651;DEBUG;14991;0;NetworkTrace::NetworkTrace@71;"[../libsimitar/NetworkTrace.cpp] Factoring flow[115]: NetworkFlowFactory::make_flow(dummy)"
2017/09/30;00:02:53.651;DEBUG;14991;0;NetworkTrace::NetworkTrace@71;"[../libsimitar/NetworkTrace.cpp] Factoring flow[116]: NetworkFlowFactory::make_flow(dummy)"
2017/09/30;00:02:53.651;DEBUG;14991;0;NetworkTrace::NetworkTrace@71;"[../libsimitar/NetworkTrace.cpp] Factoring flow[117]: NetworkFlowFactory::make_flow(dummy)"
2017/09/30;00:02:53.651;DEBUG;14991;0;NetworkTrace::NetworkTrace@71;"[../libsimitar/NetworkTrace.cpp] Factoring flow[118]: NetworkFlowFactory::make_flow(dummy)"
2017/09/30;00:02:53.651;DEBUG;14991;0;NetworkTrace::NetworkTrace@71;"[../libsimitar/NetworkTrace.cpp] Factoring flow[119]: NetworkFlowFactory::make_flow(dummy)"
2017/09/30;00:02:53.651;DEBUG;14991;0;NetworkTrace::NetworkTrace@71;"[../libsimitar/NetworkTrace.cpp] Factoring flow[120]: NetworkFlowFactory::make_flow(dummy)"
2017/09/30;00:02:53.651;DEBUG;14991;0;NetworkTrace::NetworkTrace@71;"[../libsimitar/NetworkTrace.cpp] Factoring flow[121]: NetworkFlowFactory::make_flow(dummy)"
2017/09/30;00:02:53.651;DEBUG;14991;0;NetworkTrace::NetworkTrace@71;"[../libsimitar/NetworkTrace.cpp] Factoring flow[122]: NetworkFlowFactory::make_flow(dummy)"
2017/09/30;00:02:53.651;DEBUG;14991;0;NetworkTrace::NetworkTrace@71;"[../libsimitar/NetworkTrace.cpp] Factoring flow[123]: NetworkFlowFactory::make_flow(dummy)"
2017/09/30;00:02:53.651;DEBUG;14991;0;NetworkTrace::NetworkTrace@71;"[../libsimitar/NetworkTrace.cpp] Factoring flow[124]: NetworkFlowFactory::make_flow(dummy)"
2017/09/30;00:02:53.652;DEBUG;14991;0;NetworkTrace::NetworkTrace@71;"[../libsimitar/NetworkTrace.cpp] Factoring flow[125]: NetworkFlowFactory::make_flow(dummy)"
2017/09/30;00:02:53.652;DEBUG;14991;0;NetworkTrace::NetworkTrace@71;"[../libsimitar/NetworkTrace.cpp] Factoring flow[126]: NetworkFlowFactory::make_flow(dummy)"
2017/09/30;00:02:53.652;DEBUG;14991;0;NetworkTrace::NetworkTrace@71;"[../libsimitar/NetworkTrace.cpp] Factoring flow[127]: NetworkFlowFactory::make_flow(dummy)"
2017/09/30;00:02:53.652;DEBUG;14991;0;NetworkTrace::NetworkTrace@71;"[../libsimitar/NetworkTrace.cpp] Factoring flow[128]: NetworkFlowFactory::make_flow(dummy)"
2017/09/30;00:02:53.652;DEBUG;14991;0;NetworkTrace::NetworkTrace@71;"[../libsimitar/NetworkTrace.cpp] Factoring flow[129]: NetworkFlowFactory::make_flow(dummy)"
2017/09/30;00:02:53.652;DEBUG;14991;0;NetworkTrace::NetworkTrace@71;"[../libsimitar/NetworkTrace.cpp] Factoring flow[130]: NetworkFlowFactory::make_flow(dummy)"
2017/09/30;00:02:53.652;DEBUG;14991;0;NetworkTrace::NetworkTrace@71;"[../libsimitar/NetworkTrace.cpp] Factoring flow[131]: NetworkFlowFactory::make_flow(dummy)"
2017/09/30;00:02:53.652;DEBUG;14991;0;NetworkTrace::NetworkTrace@71;"[../libsimitar/NetworkTrace.cpp] Factoring flow[132]: NetworkFlowFactory::make_flow(dummy)"
2017/09/30;00:02:53.652;DEBUG;14991;0;NetworkTrace::NetworkTrace@71;"[../libsimitar/NetworkTrace.cpp] Factoring flow[133]: NetworkFlowFactory::make_flow(dummy)"
2017/09/30;00:02:53.652;DEBUG;14991;0;NetworkTrace::NetworkTrace@71;"[../libsimitar/NetworkTrace.cpp] Factoring flow[134]: NetworkFlowFactory::make_flow(dummy)"
2017/09/30;00:02:53.652;DEBUG;14991;0;NetworkTrace::NetworkTrace@71;"[../libsimitar/NetworkTrace.cpp] Factoring flow[135]: NetworkFlowFactory::make_flow(dummy)"
2017/09/30;00:02:53.652;DEBUG;14991;0;NetworkTrace::NetworkTrace@71;"[../libsimitar/NetworkTrace.cpp] Factoring flow[136]: NetworkFlowFactory::make_flow(dummy)"
2017/09/30;00:02:53.652;DEBUG;14991;0;NetworkTrace::NetworkTrace@71;"[../libsimitar/NetworkTrace.cpp] Factoring flow[137]: NetworkFlowFactory::make_flow(dummy)"
2017/09/30;00:02:53.653;DEBUG;14991;0;NetworkTrace::NetworkTrace@71;"[../libsimitar/NetworkTrace.cpp] Factoring flow[138]: NetworkFlowFactory::make_flow(dummy)"
2017/09/30;00:02:53.653;DEBUG;14991;0;NetworkTrace::NetworkTrace@71;"[../libsimitar/NetworkTrace.cpp] Factoring flow[139]: NetworkFlowFactory::make_flow(dummy)"
2017/09/30;00:02:53.653;DEBUG;14991;0;NetworkTrace::NetworkTrace@71;"[../libsimitar/NetworkTrace.cpp] Factoring flow[140]: NetworkFlowFactory::make_flow(dummy)"
2017/09/30;00:02:53.653;DEBUG;14991;0;NetworkTrace::NetworkTrace@71;"[../libsimitar/NetworkTrace.cpp] Factoring flow[141]: NetworkFlowFactory::make_flow(dummy)"
2017/09/30;00:02:53.653;DEBUG;14991;0;NetworkTrace::NetworkTrace@71;"[../libsimitar/NetworkTrace.cpp] Factoring flow[142]: NetworkFlowFactory::make_flow(dummy)"
2017/09/30;00:02:53.653;DEBUG;14991;0;NetworkTrace::NetworkTrace@71;"[../libsimitar/NetworkTrace.cpp] Factoring flow[143]: NetworkFlowFactory::make_flow(dummy)"
2017/09/30;00:02:53.653;DEBUG;14991;0;NetworkTrace::NetworkTrace@71;"[../libsimitar/NetworkTrace.cpp] Factoring flow[144]: NetworkFlowFactory::make_flow(dummy)"
2017/09/30;00:02:53.653;DEBUG;14991;0;NetworkTrace::NetworkTrace@71;"[../libsimitar/NetworkTrace.cpp] Factoring flow[145]: NetworkFlowFactory::make_flow(dummy)"
2017/09/30;00:02:53.653;DEBUG;14991;0;NetworkTrace::NetworkTrace@71;"[../libsimitar/NetworkTrace.cpp] Factoring flow[146]: NetworkFlowFactory::make_flow(dummy)"
2017/09/30;00:02:53.653;DEBUG;14991;0;NetworkTrace::NetworkTrace@71;"[../libsimitar/NetworkTrace.cpp] Factoring flow[147]: NetworkFlowFactory::make_flow(dummy)"
2017/09/30;00:02:53.653;DEBUG;14991;0;NetworkTrace::NetworkTrace@71;"[../libsimitar/NetworkTrace.cpp] Factoring flow[148]: NetworkFlowFactory::make_flow(dummy)"
2017/09/30;00:02:53.653;DEBUG;14991;0;NetworkTrace::NetworkTrace@71;"[../libsimitar/NetworkTrace.cpp] Factoring flow[149]: NetworkFlowFactory::make_flow(dummy)"
2017/09/30;00:02:53.654;DEBUG;14991;0;NetworkTrace::NetworkTrace@71;"[../libsimitar/NetworkTrace.cpp] Factoring flow[150]: NetworkFlowFactory::make_flow(dummy)"
2017/09/30;00:02:53.654;DEBUG;14991;0;NetworkTrace::NetworkTrace@71;"[../libsimitar/NetworkTrace.cpp] Factoring flow[151]: NetworkFlowFactory::make_flow(dummy)"
2017/09/30;00:02:53.654;DEBUG;14991;0;NetworkTrace::NetworkTrace@71;"[../libsimitar/NetworkTrace.cpp] Factoring flow[152]: NetworkFlowFactory::make_flow(dummy)"
2017/09/30;00:02:53.654;DEBUG;14991;0;NetworkTrace::NetworkTrace@71;"[../libsimitar/NetworkTrace.cpp] Factoring flow[153]: NetworkFlowFactory::make_flow(dummy)"
2017/09/30;00:02:53.654;DEBUG;14991;0;NetworkTrace::NetworkTrace@71;"[../libsimitar/NetworkTrace.cpp] Factoring flow[154]: NetworkFlowFactory::make_flow(dummy)"
2017/09/30;00:02:53.654;DEBUG;14991;0;NetworkTrace::NetworkTrace@71;"[../libsimitar/NetworkTrace.cpp] Factoring flow[155]: NetworkFlowFactory::make_flow(dummy)"
2017/09/30;00:02:53.654;DEBUG;14991;0;NetworkTrace::NetworkTrace@71;"[../libsimitar/NetworkTrace.cpp] Factoring flow[156]: NetworkFlowFactory::make_flow(dummy)"
2017/09/30;00:02:53.654;DEBUG;14991;0;NetworkTrace::NetworkTrace@71;"[../libsimitar/NetworkTrace.cpp] Factoring flow[157]: NetworkFlowFactory::make_flow(dummy)"
2017/09/30;00:02:53.660;DEBUG;14991;0;NetworkTrace::NetworkTrace@71;"[../libsimitar/NetworkTrace.cpp] Factoring flow[158]: NetworkFlowFactory::make_flow(dummy)"
2017/09/30;00:02:53.661;DEBUG;14991;0;NetworkTrace::NetworkTrace@71;"[../libsimitar/NetworkTrace.cpp] Factoring flow[159]: NetworkFlowFactory::make_flow(dummy)"
2017/09/30;00:02:53.661;DEBUG;14991;0;NetworkTrace::NetworkTrace@71;"[../libsimitar/NetworkTrace.cpp] Factoring flow[160]: NetworkFlowFactory::make_flow(dummy)"
2017/09/30;00:02:53.661;DEBUG;14991;0;NetworkTrace::NetworkTrace@71;"[../libsimitar/NetworkTrace.cpp] Factoring flow[161]: NetworkFlowFactory::make_flow(dummy)"
2017/09/30;00:02:53.661;DEBUG;14991;0;NetworkTrace::NetworkTrace@71;"[../libsimitar/NetworkTrace.cpp] Factoring flow[162]: NetworkFlowFactory::make_flow(dummy)"
2017/09/30;00:02:53.661;DEBUG;14991;0;NetworkTrace::NetworkTrace@71;"[../libsimitar/NetworkTrace.cpp] Factoring flow[163]: NetworkFlowFactory::make_flow(dummy)"
2017/09/30;00:02:53.661;DEBUG;14991;0;NetworkTrace::NetworkTrace@71;"[../libsimitar/NetworkTrace.cpp] Factoring flow[164]: NetworkFlowFactory::make_flow(dummy)"
2017/09/30;00:02:53.661;DEBUG;14991;0;NetworkTrace::NetworkTrace@71;"[../libsimitar/NetworkTrace.cpp] Factoring flow[165]: NetworkFlowFactory::make_flow(dummy)"
2017/09/30;00:02:53.661;DEBUG;14991;0;NetworkTrace::NetworkTrace@71;"[../libsimitar/NetworkTrace.cpp] Factoring flow[166]: NetworkFlowFactory::make_flow(dummy)"
2017/09/30;00:02:53.661;DEBUG;14991;0;NetworkTrace::NetworkTrace@71;"[../libsimitar/NetworkTrace.cpp] Factoring flow[167]: NetworkFlowFactory::make_flow(dummy)"
2017/09/30;00:02:53.661;DEBUG;14991;0;NetworkTrace::NetworkTrace@273;"[../libsimitar/NetworkTrace.cpp] NetworkTrace.getNumberOfFlows() = 168"
2017/09/30;00:02:53.661;DEBUG;14991;0;main@100;"[../../apps/dummy-flow/src/dummy-flow.cpp]  execution of traceCdt.exec()"
2017/09/30;00:02:53.661;DEBUG;14991;0;NetworkTrace::exec@825;"[../libsimitar/NetworkTrace.cpp] NetworkTrace::exec() >> this->getNumberOfFlows():168"
