02:13:03 **** Clean-only build of configuration Build (GNU) for project Nemesis ****
make clean 
make: *** No rule to make target 'clean'.  Pare.
02:13:03 **** Build of configuration Build (GNU) for project Nemesis ****
make all 
make: *** No rule to make target 'all'.  Pare.
03:13:25 **** Incremental Build of configuration Debug for project MesserTG ****
make all 
Building file: ../src/DataProcessor.cpp
Invoking: GCC C++ Compiler
g++ -std=c++11 -O2 -g3 -Wall -c -fmessage-length=0 -std=c++11 -MMD -MP -MF"src/DataProcessor.d" -MT"src/DataProcessor.o" -o "src/DataProcessor.o" "../src/DataProcessor.cpp"
Finished building: ../src/DataProcessor.cpp
 
Building target: MesserTG
Invoking: GCC C++ Linker
g++  -o "MesserTG"  ./src/DataProcessor.o ./src/DatabaseInterface.o ./src/DummyFlow.o ./src/LibtinsFlow.o ./src/LibtinsFlow_test.o ./src/Main.o ./src/NemesisFlow.o ./src/NemesisFlow_test.o ./src/NetworkFlow.o ./src/NetworkTrace.o ./src/PrintCharFlow_test.o ./src/RegressionTests.o ./src/StochasticModelFit.o ./src/cfunctions.o   -lpthread -llog4cpp -lsqlite3 -larmadillo -lITG
Finished building target: MesserTG
 
03:13:31 **** Incremental Build of configuration Build (GNU) for project Nemesis ****
make all 
make: *** No rule to make target 'all'.  Pare.
03:13:34 **** Incremental Build of configuration Debug for project MesserTG ****
make all 
make: Nothing to be done for 'all'.
03:19:22 **** Incremental Build of configuration Debug for project MesserTG ****
make all 
Building file: ../src/DataProcessor.cpp
Invoking: GCC C++ Compiler
g++ -std=c++11 -O2 -g3 -Wall -c -fmessage-length=0 -std=c++11 -MMD -MP -MF"src/DataProcessor.d" -MT"src/DataProcessor.o" -o "src/DataProcessor.o" "../src/DataProcessor.cpp"
Finished building: ../src/DataProcessor.cpp
 
Building target: MesserTG
Invoking: GCC C++ Linker
g++  -o "MesserTG"  ./src/DataProcessor.o ./src/DatabaseInterface.o ./src/DummyFlow.o ./src/LibtinsFlow.o ./src/LibtinsFlow_test.o ./src/Main.o ./src/NemesisFlow.o ./src/NemesisFlow_test.o ./src/NetworkFlow.o ./src/NetworkTrace.o ./src/PrintCharFlow_test.o ./src/RegressionTests.o ./src/StochasticModelFit.o ./src/cfunctions.o   -lpthread -llog4cpp -lsqlite3 -larmadillo -lITG
Finished building target: MesserTG
 
03:19:28 **** Incremental Build of configuration Build (GNU) for project Nemesis ****
make all 
make: *** No rule to make target 'all'.  Pare.
03:19:31 **** Incremental Build of configuration Debug for project MesserTG ****
make all 
make: Nothing to be done for 'all'.
03:19:51 **** Incremental Build of configuration Debug for project MesserTG ****
make all 
Building file: ../src/DataProcessor.cpp
Invoking: GCC C++ Compiler
g++ -std=c++11 -O2 -g3 -Wall -c -fmessage-length=0 -std=c++11 -MMD -MP -MF"src/DataProcessor.d" -MT"src/DataProcessor.o" -o "src/DataProcessor.o" "../src/DataProcessor.cpp"
Finished building: ../src/DataProcessor.cpp
 
Building target: MesserTG
Invoking: GCC C++ Linker
g++  -o "MesserTG"  ./src/DataProcessor.o ./src/DatabaseInterface.o ./src/DummyFlow.o ./src/LibtinsFlow.o ./src/LibtinsFlow_test.o ./src/Main.o ./src/NemesisFlow.o ./src/NemesisFlow_test.o ./src/NetworkFlow.o ./src/NetworkTrace.o ./src/PrintCharFlow_test.o ./src/RegressionTests.o ./src/StochasticModelFit.o ./src/cfunctions.o   -lpthread -llog4cpp -lsqlite3 -larmadillo -lITG
Finished building target: MesserTG
 
03:19:57 **** Incremental Build of configuration Build (GNU) for project Nemesis ****
make all 
make: *** No rule to make target 'all'.  Pare.
03:19:59 **** Incremental Build of configuration Debug for project MesserTG ****
make all 
make: Nothing to be done for 'all'.
03:20:09 **** Incremental Build of configuration Debug for project MesserTG ****
make all 
Building file: ../src/DataProcessor.cpp
Invoking: GCC C++ Compiler
g++ -std=c++11 -O2 -g3 -Wall -c -fmessage-length=0 -std=c++11 -MMD -MP -MF"src/DataProcessor.d" -MT"src/DataProcessor.o" -o "src/DataProcessor.o" "../src/DataProcessor.cpp"
Finished building: ../src/DataProcessor.cpp
 
Building target: MesserTG
Invoking: GCC C++ Linker
g++  -o "MesserTG"  ./src/DataProcessor.o ./src/DatabaseInterface.o ./src/DummyFlow.o ./src/LibtinsFlow.o ./src/LibtinsFlow_test.o ./src/Main.o ./src/NemesisFlow.o ./src/NemesisFlow_test.o ./src/NetworkFlow.o ./src/NetworkTrace.o ./src/PrintCharFlow_test.o ./src/RegressionTests.o ./src/StochasticModelFit.o ./src/cfunctions.o   -lpthread -llog4cpp -lsqlite3 -larmadillo -lITG
Finished building target: MesserTG
 
03:20:15 **** Incremental Build of configuration Build (GNU) for project Nemesis ****
make all 
make: *** No rule to make target 'all'.  Pare.
03:20:17 **** Incremental Build of configuration Debug for project MesserTG ****
make all 
make: Nothing to be done for 'all'.
